#
# A fatal error has been detected by the Java Runtime Environment:
#
#  EXCEPTION_ACCESS_VIOLATION (0xc0000005) at pc=0x00007ffde6f131bc, pid=8600, tid=23040
#
# JRE version: OpenJDK Runtime Environment (11.0.10) (build 11.0.10+0-b96-7249189)
# Java VM: OpenJDK 64-Bit Server VM (11.0.10+0-b96-7249189, mixed mode, tiered, compressed oops, g1 gc, windows-amd64)
# Problematic frame:
# V  [jvm.dll+0x3031bc]
#
# No core dump will be written. Minidumps are not enabled by default on client versions of Windows
#
# If you would like to submit a bug report, please visit:
#   https://bugreport.java.com/bugreport/crash.jsp
#

---------------  S U M M A R Y ------------

Command Line: --add-opens=java.base/java.util=ALL-UNNAMED --add-opens=java.base/java.lang=ALL-UNNAMED --add-opens=java.base/java.lang.invoke=ALL-UNNAMED --add-opens=java.base/java.util=ALL-UNNAMED --add-opens=java.prefs/java.util.prefs=ALL-UNNAMED --add-opens=java.prefs/java.util.prefs=ALL-UNNAMED --add-opens=java.base/java.nio.charset=ALL-UNNAMED --add-opens=java.base/java.net=ALL-UNNAMED --add-opens=java.base/java.util.concurrent.atomic=ALL-UNNAMED -Xmx2048m -Dfile.encoding=UTF-8 -Duser.country=RU -Duser.language=ru -Duser.variant org.gradle.launcher.daemon.bootstrap.GradleDaemon 7.0.2

Host: AMD Ryzen 3 3200U with Radeon Vega Mobile Gfx  , 4 cores, 13G,  Windows 10 , 64 bit Build 19041 (10.0.19041.928)
Time: Sat Oct 16 22:58:20 2021 RTZ 2 (зима) elapsed time: 4238.500556 seconds (0d 1h 10m 38s)

---------------  T H R E A D  ---------------

Current thread (0x000002d002ad4000):  GCTaskThread "GC Thread#2" [stack: 0x000000fd00700000,0x000000fd00800000] [id=23040]

Stack: [0x000000fd00700000,0x000000fd00800000],  sp=0x000000fd007ff578,  free space=1021k
Native frames: (J=compiled Java code, j=interpreted, Vv=VM code, C=native code)
V  [jvm.dll+0x3031bc]


siginfo: EXCEPTION_ACCESS_VIOLATION (0xc0000005), reading address 0x00000000000000f8


Register to memory mapping:

RIP=0x00007ffde6f131bc jvm.dll
RAX=0x0 is NULL
RBX=0x0000000080d553b4 is pointing into object: java.io.ObjectStreamClass$FieldReflectorKey 
{0x0000000080d553a0} - klass: 'java/io/ObjectStreamClass$FieldReflectorKey'
RCX=0x000002d0654d3f80 points into unknown readable memory: 0x0000000000000000 | 00 00 00 00 00 00 00 00
RDX=0x0 is NULL
RSP=0x000000fd007ff578 points into unknown readable memory: 0x00007ffde6f1506d | 6d 50 f1 e6 fd 7f 00 00
RBP=0x000000fd007ff7e8 points into unknown readable memory: 0x00007ffde7433a70 | 70 3a 43 e7 fd 7f 00 00
RSI=0x00000001001f5ec8 is pointing into metadata
RDI=0x0000000080d553b8 is pointing into object: java.io.ObjectStreamClass$FieldReflectorKey 
{0x0000000080d553a0} - klass: 'java/io/ObjectStreamClass$FieldReflectorKey'
R8 =0x0000000000000100 is an unknown value
R9 =0x000002d0654b9470 points into unknown readable memory: 0x00007ffde742d180 | 80 d1 42 e7 fd 7f 00 00
R10=0x000000fd007ff7e8 points into unknown readable memory: 0x00007ffde7433a70 | 70 3a 43 e7 fd 7f 00 00
R11=0x0000000080d553b4 is pointing into object: java.io.ObjectStreamClass$FieldReflectorKey 
{0x0000000080d553a0} - klass: 'java/io/ObjectStreamClass$FieldReflectorKey'
R12=0x000000fd007ff660 points into unknown readable memory: 0x0000000080d55200 | 00 52 d5 80 00 00 00 00
R13=0x00000001001f5ca0 is a pointer to class: 
java.io.ObjectStreamClass$FieldReflectorKey {0x00000001001f5ca8}
R14=0x00000001001f5ed8 is a pointer to class: 
java.io.ObjectStreamClass$FieldReflector {0x00000001001f5ee0}
R15=0x0000000080d553a0 is an oop: java.io.ObjectStreamClass$FieldReflectorKey 
{0x0000000080d553a0} - klass: 'java/io/ObjectStreamClass$FieldReflectorKey'


Registers:
RAX=0x0000000000000000, RBX=0x0000000080d553b4, RCX=0x000002d0654d3f80, RDX=0x0000000000000000
RSP=0x000000fd007ff578, RBP=0x000000fd007ff7e8, RSI=0x00000001001f5ec8, RDI=0x0000000080d553b8
R8 =0x0000000000000100, R9 =0x000002d0654b9470, R10=0x000000fd007ff7e8, R11=0x0000000080d553b4
R12=0x000000fd007ff660, R13=0x00000001001f5ca0, R14=0x00000001001f5ed8, R15=0x0000000080d553a0
RIP=0x00007ffde6f131bc, EFLAGS=0x0000000000010213

Top of Stack: (sp=0x000000fd007ff578)
0x000000fd007ff578:   00007ffde6f1506d 0000000080d552f0
0x000000fd007ff588:   00007ffde6f15cfd 0000000080d552d8
0x000000fd007ff598:   00007ffde6f1c8d6 0000000080d55200
0x000000fd007ff5a8:   000002d065515320 000002d0654eb968
0x000000fd007ff5b8:   0000000080d55400 000000fd007ff7e8
0x000000fd007ff5c8:   00007ffde6f1bb3c 0000000080d55380
0x000000fd007ff5d8:   0000000080d553c8 0000000080d553a0
0x000000fd007ff5e8:   0000000080d55400 0000020046bc737f
0x000000fd007ff5f8:   0000000000000000 000000008315a800
0x000000fd007ff608:   0000000000000040 000000000000000d
0x000000fd007ff618:   000000fd007ff7e8 0000000000000000
0x000000fd007ff628:   000000fd007ff701 0000000080d55200
0x000000fd007ff638:   00007ffde6f1d3f0 0000000000000005
0x000000fd007ff648:   0000000000000100 000002d065490450
0x000000fd007ff658:   0000000000000001 0000000080d55200
0x000000fd007ff668:   0000000000000040 000000fd007ff7c0 

Instructions: (pc=0x00007ffde6f131bc)
0x00007ffde6f130bc:   00 49 8b 82 e0 06 00 00 48 d3 ea 0f b6 04 02 84
0x00007ffde6f130cc:   c0 7e 0b 49 8b d1 49 8b cb e9 46 10 fd ff 8b 0d
0x00007ffde6f130dc:   d8 4a 6f 00 49 8b d0 49 33 d1 48 d3 ea 48 85 d2
0x00007ffde6f130ec:   74 2a 3c ff 75 26 4d 2b 42 10 49 8b 82 88 04 00
0x00007ffde6f130fc:   00 49 d3 e8 41 8b c8 80 3c 08 00 74 0f c6 04 08
0x00007ffde6f1310c:   00 49 8b 82 d0 06 00 00 c6 04 01 00 c3 cc cc cc
0x00007ffde6f1311c:   cc cc cc cc 8b 02 4c 8b da 4c 8b d1 85 c0 0f 84
0x00007ffde6f1312c:   af 00 00 00 8b 0d d2 b9 6a 00 44 8b c0 4d 8b 4a
0x00007ffde6f1313c:   10 49 d3 e0 4c 03 05 b9 b9 6a 00 49 8b d0 41 8b
0x00007ffde6f1314c:   89 f0 06 00 00 49 8b 81 e0 06 00 00 48 d3 ea 0f
0x00007ffde6f1315c:   b6 04 02 84 c0 7e 0b 49 8b d3 49 8b ca e9 b2 0f
0x00007ffde6f1316c:   fd ff 41 8b 89 c0 02 00 00 49 8b d0 48 d3 ea 49
0x00007ffde6f1317c:   8b 89 b0 02 00 00 48 8b 14 d1 49 39 52 20 74 53
0x00007ffde6f1318c:   3c ff 75 2c 4d 2b 41 10 8b 0d 1e 4a 6f 00 49 8b
0x00007ffde6f1319c:   81 88 04 00 00 49 d3 e8 41 8b c8 80 3c 08 00 74
0x00007ffde6f131ac:   0f c6 04 08 00 49 8b 81 d0 06 00 00 c6 04 01 00
0x00007ffde6f131bc:   48 8b 8a f8 00 00 00 83 b9 18 01 00 00 00 74 13
0x00007ffde6f131cc:   45 8b 42 28 48 81 c1 90 00 00 00 49 8b d3 e9 e1
0x00007ffde6f131dc:   94 04 00 c3 40 57 48 83 ec 20 48 8b fa 48 8b d1
0x00007ffde6f131ec:   4c 8b 0f 4d 85 c9 74 6b 4c 8b 51 10 4d 8b c1 41
0x00007ffde6f131fc:   8b 8a f0 06 00 00 49 8b 82 e0 06 00 00 49 d3 e8
0x00007ffde6f1320c:   41 0f b6 04 00 84 c0 7e 50 48 8b 42 18 48 8b d7
0x00007ffde6f1321c:   48 89 5c 24 30 48 8b 58 10 48 8b cb e8 83 8a fd
0x00007ffde6f1322c:   ff 84 c0 75 29 48 81 c3 90 00 00 00 48 8b 43 08
0x00007ffde6f1323c:   48 39 43 20 75 08 48 8b cb e8 96 56 08 00 48 8b
0x00007ffde6f1324c:   4b 20 48 8b 43 38 48 89 3c c8 48 ff 43 20 48 8b
0x00007ffde6f1325c:   5c 24 30 48 83 c4 20 5f c3 8b 0d 4d 49 6f 00 49
0x00007ffde6f1326c:   8b d1 48 33 d7 48 d3 ea 48 85 d2 74 e6 3c ff 75
0x00007ffde6f1327c:   e2 4d 2b 4a 10 49 8b 82 88 04 00 00 49 d3 e9 41
0x00007ffde6f1328c:   8b c9 80 3c 08 00 74 cb c6 04 08 00 49 8b 82 d0
0x00007ffde6f1329c:   06 00 00 c6 04 01 00 48 83 c4 20 5f c3 cc cc cc
0x00007ffde6f132ac:   cc cc cc cc 40 57 48 83 ec 20 4c 8b 12 48 8b fa 


Stack slot to memory mapping:
stack at sp + 0 slots: 0x00007ffde6f1506d jvm.dll
stack at sp + 1 slots: 0x0000000080d552f0 is an oop: [Ljava.util.concurrent.ConcurrentHashMap$Node; 
{0x0000000080d552f0} - klass: 'java/util/concurrent/ConcurrentHashMap$Node'[]
 - length: 32
stack at sp + 2 slots: 0x00007ffde6f15cfd jvm.dll
stack at sp + 3 slots: 0x0000000080d552d8 is pointing into object: java.util.concurrent.ConcurrentHashMap 
{0x0000000080d552b0} - klass: 'java/util/concurrent/ConcurrentHashMap'
stack at sp + 4 slots: 0x00007ffde6f1c8d6 jvm.dll
stack at sp + 5 slots: 0x0000000080d55200 is pointing into object: java.util.HashMap$Node 
{0x0000000080d551f0} - klass: 'java/util/HashMap$Node'
stack at sp + 6 slots: 0x000002d065515320 points into unknown readable memory: 0x00007ffde743aae0 | e0 aa 43 e7 fd 7f 00 00
stack at sp + 7 slots: 0x000002d0654eb968 points into unknown readable memory: 0x0000000080000000 | 00 00 00 80 00 00 00 00


---------------  P R O C E S S  ---------------

Threads class SMR info:
_java_thread_list=0x000002d00b5d2f70, length=70, elements={
0x000002d0654aa800, 0x000002d07f893800, 0x000002d07f89f000, 0x000002d07f063000,
0x000002d07f065000, 0x000002d07f066000, 0x000002d07f8e4000, 0x000002d07f8e8000,
0x000002d07f8eb800, 0x000002d07fa6f000, 0x000002d0031c1800, 0x000002d07fbfd000,
0x000002d003623800, 0x000002d003c85800, 0x000002d003c86000, 0x000002d003c84000,
0x000002d003c87000, 0x000002d003c81800, 0x000002d005443800, 0x000002d00543f000,
0x000002d00543e800, 0x000002d005445000, 0x000002d005440000, 0x000002d00544d000,
0x000002d00544c800, 0x000002d00745a000, 0x000002d00745c000, 0x000002d007463000,
0x000002d00745d800, 0x000002d00745e800, 0x000002d002ca4000, 0x000002d007461000,
0x000002d0068f7800, 0x000002d0068ee000, 0x000002d007458800, 0x000002d0068f3800,
0x000002d0068eb800, 0x000002d007454800, 0x000002d0068f4800, 0x000002d0068f2800,
0x000002d007456000, 0x000002d0068f0000, 0x000002d0068f5000, 0x000002d007459800,
0x000002d005441000, 0x000002d007457000, 0x000002d007455800, 0x000002d003c82000,
0x000002d002ca6800, 0x000002d007462800, 0x000002d002ca2000, 0x000002d003c83000,
0x000002d003c88000, 0x000002d003c84800, 0x000002d0068ee800, 0x000002d0068ec000,
0x000002d0068e9000, 0x000002d0068ed000, 0x000002d0068ef800, 0x000002d0068ea800,
0x000002d0068e9800, 0x000002d0068f2000, 0x000002d0068f6000, 0x000002d0068f7000,
0x000002d0068f1000, 0x000002d005446800, 0x000002d005445800, 0x000002d005441800,
0x000002d005448000, 0x000002d005449000
}

Java Threads: ( => current thread )
  0x000002d0654aa800 JavaThread "main" [_thread_blocked, id=21572, stack(0x000000fd7f400000,0x000000fd7f500000)]
  0x000002d07f893800 JavaThread "Reference Handler" daemon [_thread_blocked, id=22732, stack(0x000000fd7fb00000,0x000000fd7fc00000)]
  0x000002d07f89f000 JavaThread "Finalizer" daemon [_thread_blocked, id=22756, stack(0x000000fd7fc00000,0x000000fd7fd00000)]
  0x000002d07f063000 JavaThread "Signal Dispatcher" daemon [_thread_blocked, id=22784, stack(0x000000fd7fd00000,0x000000fd7fe00000)]
  0x000002d07f065000 JavaThread "Attach Listener" daemon [_thread_blocked, id=17348, stack(0x000000fd7fe00000,0x000000fd7ff00000)]
  0x000002d07f066000 JavaThread "Service Thread" daemon [_thread_blocked, id=20832, stack(0x000000fd7ff00000,0x000000fd80000000)]
  0x000002d07f8e4000 JavaThread "C2 CompilerThread0" daemon [_thread_blocked, id=22800, stack(0x000000fd00000000,0x000000fd00100000)]
  0x000002d07f8e8000 JavaThread "C1 CompilerThread0" daemon [_thread_blocked, id=22816, stack(0x000000fd00100000,0x000000fd00200000)]
  0x000002d07f8eb800 JavaThread "Sweeper thread" daemon [_thread_blocked, id=22548, stack(0x000000fd00200000,0x000000fd00300000)]
  0x000002d07fa6f000 JavaThread "Common-Cleaner" daemon [_thread_blocked, id=23008, stack(0x000000fd00300000,0x000000fd00400000)]
  0x000002d0031c1800 JavaThread "Daemon health stats" [_thread_blocked, id=10036, stack(0x000000fd00900000,0x000000fd00a00000)]
  0x000002d07fbfd000 JavaThread "Incoming local TCP Connector on port 58776" [_thread_in_native, id=6888, stack(0x000000fd00500000,0x000000fd00600000)]
  0x000002d003623800 JavaThread "Daemon periodic checks" [_thread_blocked, id=23244, stack(0x000000fd00a00000,0x000000fd00b00000)]
  0x000002d003c85800 JavaThread "Cache worker for file hash cache (C:\Users\oleg\.gradle\caches\7.0.2\fileHashes)" [_thread_blocked, id=23144, stack(0x000000fd01200000,0x000000fd01300000)]
  0x000002d003c86000 JavaThread "File lock request listener" [_thread_in_native, id=22480, stack(0x000000fd01300000,0x000000fd01400000)]
  0x000002d003c84000 JavaThread "Cache worker for journal cache (C:\Users\oleg\.gradle\caches\journal-1)" [_thread_blocked, id=19492, stack(0x000000fd01400000,0x000000fd01500000)]
  0x000002d003c87000 JavaThread "File watcher server" daemon [_thread_blocked, id=21760, stack(0x000000fd01700000,0x000000fd01800000)]
  0x000002d003c81800 JavaThread "File watcher consumer" daemon [_thread_blocked, id=20464, stack(0x000000fd01800000,0x000000fd01900000)]
  0x000002d005443800 JavaThread "Cache worker for execution history cache (C:\Users\oleg\.gradle\caches\7.0.2\executionHistory)" [_thread_blocked, id=18844, stack(0x000000fd01c00000,0x000000fd01d00000)]
  0x000002d00543f000 JavaThread "jar transforms" [_thread_blocked, id=22412, stack(0x000000fd01d00000,0x000000fd01e00000)]
  0x000002d00543e800 JavaThread "jar transforms Thread 2" [_thread_blocked, id=21916, stack(0x000000fd01e00000,0x000000fd01f00000)]
  0x000002d005445000 JavaThread "Cache worker for file content cache (C:\Users\oleg\.gradle\caches\7.0.2\fileContent)" [_thread_blocked, id=22456, stack(0x000000fd01f00000,0x000000fd02000000)]
  0x000002d005440000 JavaThread "jar transforms Thread 3" [_thread_blocked, id=19408, stack(0x000000fd02100000,0x000000fd02200000)]
  0x000002d00544d000 JavaThread "jar transforms Thread 4" [_thread_blocked, id=22568, stack(0x000000fd02700000,0x000000fd02800000)]
  0x000002d00544c800 JavaThread "Memory manager" [_thread_blocked, id=20540, stack(0x000000fd02800000,0x000000fd02900000)]
  0x000002d00745a000 JavaThread "pool-3-thread-1" [_thread_blocked, id=23548, stack(0x000000fd02a00000,0x000000fd02b00000)]
  0x000002d00745c000 JavaThread "RMI Scheduler(0)" daemon [_thread_blocked, id=20928, stack(0x000000fd01500000,0x000000fd01600000)]
  0x000002d007463000 JavaThread "RMI GC Daemon" daemon [_thread_blocked, id=23416, stack(0x000000fd03800000,0x000000fd03900000)]
  0x000002d00745d800 JavaThread "RMI TCP Accept-0" daemon [_thread_in_native, id=23048, stack(0x000000fd03a00000,0x000000fd03b00000)]
  0x000002d00745e800 JavaThread "RMI Reaper" [_thread_blocked, id=20456, stack(0x000000fd03b00000,0x000000fd03c00000)]
  0x000002d002ca4000 JavaThread "Cache worker for Java compile cache (C:\Users\oleg\.gradle\caches\7.0.2\javaCompile)" [_thread_blocked, id=21892, stack(0x000000fd03f00000,0x000000fd04000000)]
  0x000002d007461000 JavaThread "pool-8-thread-1" [_thread_blocked, id=12632, stack(0x000000fd02c00000,0x000000fd02d00000)]
  0x000002d0068f7800 JavaThread "pool-12-thread-1" [_thread_blocked, id=7608, stack(0x000000fd02d00000,0x000000fd02e00000)]
  0x000002d0068ee000 JavaThread "pool-15-thread-1" [_thread_blocked, id=22040, stack(0x000000fd02e00000,0x000000fd02f00000)]
  0x000002d007458800 JavaThread "pool-18-thread-1" [_thread_blocked, id=16696, stack(0x000000fd02f00000,0x000000fd03000000)]
  0x000002d0068f3800 JavaThread "pool-22-thread-1" [_thread_blocked, id=23724, stack(0x000000fd03200000,0x000000fd03300000)]
  0x000002d0068eb800 JavaThread "pool-25-thread-1" [_thread_blocked, id=21548, stack(0x000000fd03000000,0x000000fd03100000)]
  0x000002d007454800 JavaThread "pool-28-thread-1" [_thread_blocked, id=22408, stack(0x000000fd03100000,0x000000fd03200000)]
  0x000002d0068f4800 JavaThread "pool-31-thread-1" [_thread_blocked, id=23864, stack(0x000000fd03500000,0x000000fd03600000)]
  0x000002d0068f2800 JavaThread "pool-34-thread-1" [_thread_blocked, id=24688, stack(0x000000fd03600000,0x000000fd03700000)]
  0x000002d007456000 JavaThread "pool-37-thread-1" [_thread_blocked, id=256, stack(0x000000fd03700000,0x000000fd03800000)]
  0x000002d0068f0000 JavaThread "pool-40-thread-1" [_thread_blocked, id=4156, stack(0x000000fd03400000,0x000000fd03500000)]
  0x000002d0068f5000 JavaThread "pool-43-thread-1" [_thread_blocked, id=16892, stack(0x000000fd03900000,0x000000fd03a00000)]
  0x000002d007459800 JavaThread "pool-46-thread-1" [_thread_blocked, id=20708, stack(0x000000fd03e00000,0x000000fd03f00000)]
  0x000002d005441000 JavaThread "pool-49-thread-1" [_thread_blocked, id=10992, stack(0x000000fd03c00000,0x000000fd03d00000)]
  0x000002d007457000 JavaThread "pool-52-thread-1" [_thread_blocked, id=23192, stack(0x000000fd04000000,0x000000fd04100000)]
  0x000002d007455800 JavaThread "pool-55-thread-1" [_thread_blocked, id=9708, stack(0x000000fd04100000,0x000000fd04200000)]
  0x000002d003c82000 JavaThread "ForkJoinPool.commonPool-worker-7" daemon [_thread_blocked, id=23172, stack(0x000000fd04e00000,0x000000fd04f00000)]
  0x000002d002ca6800 JavaThread "pool-59-thread-1" [_thread_blocked, id=24092, stack(0x000000fd03d00000,0x000000fd03e00000)]
  0x000002d007462800 JavaThread "RMI RenewClean-[127.0.0.1:17078,org.jetbrains.kotlin.daemon.common.LoopbackNetworkInterface$ClientLoopbackSocketFactory@4b3320bb]" daemon [_thread_blocked, id=7700, stack(0x000000fd04700000,0x000000fd04800000)]
  0x000002d002ca2000 JavaThread "pool-62-thread-1" [_thread_blocked, id=14736, stack(0x000000fd04300000,0x000000fd04400000)]
  0x000002d003c83000 JavaThread "RMI RenewClean-[127.0.0.1:17078,org.jetbrains.kotlin.daemon.common.LoopbackNetworkInterface$ClientLoopbackSocketFactory@5bc6713e]" daemon [_thread_blocked, id=20884, stack(0x000000fd04f00000,0x000000fd05000000)]
  0x000002d003c88000 JavaThread "Daemon Thread 13" [_thread_blocked, id=17256, stack(0x000000fd00b00000,0x000000fd00c00000)]
  0x000002d003c84800 JavaThread "Handler for socket connection from /127.0.0.1:58776 to /127.0.0.1:63380" [_thread_in_native, id=488, stack(0x000000fd00c00000,0x000000fd00d00000)]
  0x000002d0068ee800 JavaThread "Cancel handler" [_thread_blocked, id=5764, stack(0x000000fd00d00000,0x000000fd00e00000)]
  0x000002d0068ec000 JavaThread "Daemon worker Thread 13" [_thread_blocked, id=13268, stack(0x000000fd00e00000,0x000000fd00f00000)]
  0x000002d0068e9000 JavaThread "Asynchronous log dispatcher for DefaultDaemonConnection: socket connection from /127.0.0.1:58776 to /127.0.0.1:63380" [_thread_blocked, id=23716, stack(0x000000fd00f00000,0x000000fd01000000)]
  0x000002d0068ed000 JavaThread "Stdin handler" [_thread_blocked, id=12424, stack(0x000000fd01000000,0x000000fd01100000)]
  0x000002d0068ef800 JavaThread "Daemon client event forwarder" [_thread_blocked, id=21636, stack(0x000000fd01100000,0x000000fd01200000)]
  0x000002d0068ea800 JavaThread "Cache worker for file hash cache (C:\Users\oleg\AndroidStudioProjects\MyApplication\.gradle\7.0.2\fileHashes)" [_thread_blocked, id=11640, stack(0x000000fd01600000,0x000000fd01700000)]
  0x000002d0068e9800 JavaThread "Cache worker for checksums cache (C:\Users\oleg\AndroidStudioProjects\MyApplication\.gradle\checksums)" [_thread_blocked, id=6132, stack(0x000000fd01900000,0x000000fd01a00000)]
  0x000002d0068f2000 JavaThread "Cache worker for cache directory md-supplier (C:\Users\oleg\.gradle\caches\7.0.2\md-supplier)" [_thread_blocked, id=648, stack(0x000000fd01a00000,0x000000fd01b00000)]
  0x000002d0068f6000 JavaThread "Cache worker for cache directory md-rule (C:\Users\oleg\.gradle\caches\7.0.2\md-rule)" [_thread_blocked, id=10172, stack(0x000000fd01b00000,0x000000fd01c00000)]
  0x000002d0068f7000 JavaThread "Cache worker for dependencies-accessors (C:\Users\oleg\AndroidStudioProjects\MyApplication\.gradle\7.0.2\dependencies-accessors)" [_thread_blocked, id=18076, stack(0x000000fd02000000,0x000000fd02100000)]
  0x000002d0068f1000 JavaThread "Cache worker for Build Output Cleanup Cache (C:\Users\oleg\AndroidStudioProjects\MyApplication\.gradle\buildOutputCleanup)" [_thread_blocked, id=10336, stack(0x000000fd02200000,0x000000fd02300000)]
  0x000002d005446800 JavaThread "Build operations" [_thread_blocked, id=3716, stack(0x000000fd02300000,0x000000fd02400000)]
  0x000002d005445800 JavaThread "Build operations Thread 2" [_thread_blocked, id=7472, stack(0x000000fd02400000,0x000000fd02500000)]
  0x000002d005441800 JavaThread "Build operations Thread 3" [_thread_blocked, id=844, stack(0x000000fd02500000,0x000000fd02600000)]
  0x000002d005448000 JavaThread "Build operations Thread 4" [_thread_blocked, id=12436, stack(0x000000fd02600000,0x000000fd02700000)]
  0x000002d005449000 JavaThread "C2 CompilerThread1" daemon [_thread_blocked, id=12348, stack(0x000000fd02900000,0x000000fd02a00000)]

Other Threads:
  0x000002d07f050000 VMThread "VM Thread" [stack: 0x000000fd7fa00000,0x000000fd7fb00000] [id=21320]
  0x000002d07fa84000 WatcherThread [stack: 0x000000fd00400000,0x000000fd00500000] [id=23072]
  0x000002d0654c4000 GCTaskThread "GC Thread#0" [stack: 0x000000fd7f500000,0x000000fd7f600000] [id=21584]
  0x000002d002113000 GCTaskThread "GC Thread#1" [stack: 0x000000fd00600000,0x000000fd00700000] [id=12600]
=>0x000002d002ad4000 GCTaskThread "GC Thread#2" [stack: 0x000000fd00700000,0x000000fd00800000] [id=23040]
  0x000002d002ad4800 GCTaskThread "GC Thread#3" [stack: 0x000000fd00800000,0x000000fd00900000] [id=22652]
  0x000002d0654f4800 ConcurrentGCThread "G1 Main Marker" [stack: 0x000000fd7f600000,0x000000fd7f700000] [id=22524]
  0x000002d0654f5800 ConcurrentGCThread "G1 Conc#0" [stack: 0x000000fd7f700000,0x000000fd7f800000] [id=22708]
  0x000002d07eebc800 ConcurrentGCThread "G1 Refine#0" [stack: 0x000000fd7f800000,0x000000fd7f900000] [id=14380]
  0x000002d07eebd000 ConcurrentGCThread "G1 Young RemSet Sampling" [stack: 0x000000fd7f900000,0x000000fd7fa00000] [id=19784]

Threads with active compile tasks:
C2 CompilerThread04238529 24946   !   4       org.gradle.internal.event.DefaultListenerManager::getBroadcasterInternal (155 bytes)
C2 CompilerThread14238529 24937       4       org.gradle.api.internal.artifacts.ivyservice.ivyresolve.CachingModuleComponentRepository$LocateInCacheRepositoryAccess::resolveComponentMetaDataFromCache (406 bytes)

VM state:at safepoint (normal execution)

VM Mutex/Monitor currently owned by a thread:  ([mutex/lock_event])
[0x000002d0654a7c10] Threads_lock - owner thread: 0x000002d07f050000
[0x000002d0654a78b0] Heap_lock - owner thread: 0x000002d0068ec000

Heap address: 0x0000000080000000, size: 2048 MB, Compressed Oops mode: 32-bit
Narrow klass base: 0x0000000000000000, Narrow klass shift: 3
Compressed class space size: 1073741824 Address: 0x0000000100000000

Heap:
 garbage-first heap   total 275456K, used 228277K [0x0000000080000000, 0x0000000100000000)
  region size 1024K, 113 young (115712K), 6 survivors (6144K)
 Metaspace       used 130357K, capacity 135375K, committed 135628K, reserved 1167360K
  class space    used 16222K, capacity 18067K, committed 18176K, reserved 1048576K
Heap Regions: E=young(eden), S=young(survivor), O=old, HS=humongous(starts), HC=humongous(continues), CS=collection set, F=free, A=archive, TAMS=top-at-mark-start (previous, next)
|   0|0x0000000080000000, 0x0000000080100000, 0x0000000080100000|100%| O|  |TAMS 0x0000000080100000, 0x0000000080000000| Untracked 
|   1|0x0000000080100000, 0x0000000080200000, 0x0000000080200000|100%| O|  |TAMS 0x0000000080200000, 0x0000000080100000| Untracked 
|   2|0x0000000080200000, 0x0000000080300000, 0x0000000080300000|100%| O|  |TAMS 0x0000000080300000, 0x0000000080200000| Untracked 
|   3|0x0000000080300000, 0x0000000080400000, 0x0000000080400000|100%|HS|  |TAMS 0x0000000080400000, 0x0000000080300000| Complete 
|   4|0x0000000080400000, 0x0000000080500000, 0x0000000080500000|100%|HC|  |TAMS 0x0000000080500000, 0x0000000080400000| Complete 
|   5|0x0000000080500000, 0x0000000080600000, 0x0000000080600000|100%|HC|  |TAMS 0x0000000080600000, 0x0000000080500000| Complete 
|   6|0x0000000080600000, 0x0000000080700000, 0x0000000080700000|100%| O|  |TAMS 0x0000000080700000, 0x0000000080600000| Untracked 
|   7|0x0000000080700000, 0x0000000080800000, 0x0000000080800000|100%| O|  |TAMS 0x0000000080800000, 0x0000000080700000| Untracked 
|   8|0x0000000080800000, 0x0000000080900000, 0x0000000080900000|100%| O|  |TAMS 0x0000000080900000, 0x0000000080800000| Untracked 
|   9|0x0000000080900000, 0x0000000080a00000, 0x0000000080a00000|100%| O|  |TAMS 0x0000000080a00000, 0x0000000080900000| Untracked 
|  10|0x0000000080a00000, 0x0000000080b00000, 0x0000000080b00000|100%| O|  |TAMS 0x0000000080b00000, 0x0000000080a00000| Untracked 
|  11|0x0000000080b00000, 0x0000000080c00000, 0x0000000080c00000|100%| O|  |TAMS 0x0000000080c00000, 0x0000000080b00000| Untracked 
|  12|0x0000000080c00000, 0x0000000080d00000, 0x0000000080d00000|100%| O|  |TAMS 0x0000000080d00000, 0x0000000080c00000| Untracked 
|  13|0x0000000080d00000, 0x0000000080e00000, 0x0000000080e00000|100%| O|  |TAMS 0x0000000080e00000, 0x0000000080d00000| Untracked 
|  14|0x0000000080e00000, 0x0000000080f00000, 0x0000000080f00000|100%| O|  |TAMS 0x0000000080f00000, 0x0000000080e00000| Untracked 
|  15|0x0000000080f00000, 0x0000000081000000, 0x0000000081000000|100%| O|  |TAMS 0x0000000081000000, 0x0000000080f00000| Untracked 
|  16|0x0000000081000000, 0x0000000081100000, 0x0000000081100000|100%|HS|  |TAMS 0x0000000081100000, 0x0000000081000000| Complete 
|  17|0x0000000081100000, 0x0000000081200000, 0x0000000081200000|100%|HS|  |TAMS 0x0000000081200000, 0x0000000081100000| Complete 
|  18|0x0000000081200000, 0x0000000081300000, 0x0000000081300000|100%|HS|  |TAMS 0x0000000081300000, 0x0000000081200000| Complete 
|  19|0x0000000081300000, 0x0000000081400000, 0x0000000081400000|100%|HS|  |TAMS 0x0000000081400000, 0x0000000081300000| Complete 
|  20|0x0000000081400000, 0x0000000081500000, 0x0000000081500000|100%|HC|  |TAMS 0x0000000081500000, 0x0000000081400000| Complete 
|  21|0x0000000081500000, 0x0000000081600000, 0x0000000081600000|100%|HC|  |TAMS 0x0000000081600000, 0x0000000081500000| Complete 
|  22|0x0000000081600000, 0x0000000081700000, 0x0000000081700000|100%|HS|  |TAMS 0x0000000081700000, 0x0000000081600000| Complete 
|  23|0x0000000081700000, 0x0000000081800000, 0x0000000081800000|100%|HC|  |TAMS 0x0000000081800000, 0x0000000081700000| Complete 
|  24|0x0000000081800000, 0x0000000081900000, 0x0000000081900000|100%| O|  |TAMS 0x0000000081900000, 0x0000000081800000| Untracked 
|  25|0x0000000081900000, 0x0000000081a00000, 0x0000000081a00000|100%| O|  |TAMS 0x0000000081a00000, 0x0000000081900000| Untracked 
|  26|0x0000000081a00000, 0x0000000081b00000, 0x0000000081b00000|100%| O|  |TAMS 0x0000000081b00000, 0x0000000081a00000| Untracked 
|  27|0x0000000081b00000, 0x0000000081c00000, 0x0000000081c00000|100%| O|  |TAMS 0x0000000081c00000, 0x0000000081b00000| Untracked 
|  28|0x0000000081c00000, 0x0000000081d00000, 0x0000000081d00000|100%| O|  |TAMS 0x0000000081d00000, 0x0000000081c00000| Untracked 
|  29|0x0000000081d00000, 0x0000000081e00000, 0x0000000081e00000|100%| O|  |TAMS 0x0000000081e00000, 0x0000000081d00000| Untracked 
|  30|0x0000000081e00000, 0x0000000081f00000, 0x0000000081f00000|100%| O|  |TAMS 0x0000000081f00000, 0x0000000081e00000| Untracked 
|  31|0x0000000081f00000, 0x0000000082000000, 0x0000000082000000|100%| O|  |TAMS 0x0000000082000000, 0x0000000081f00000| Untracked 
|  32|0x0000000082000000, 0x0000000082100000, 0x0000000082100000|100%| O|  |TAMS 0x0000000082100000, 0x0000000082000000| Untracked 
|  33|0x0000000082100000, 0x0000000082200000, 0x0000000082200000|100%| O|  |TAMS 0x0000000082200000, 0x0000000082100000| Untracked 
|  34|0x0000000082200000, 0x0000000082300000, 0x0000000082300000|100%| O|  |TAMS 0x0000000082300000, 0x0000000082200000| Untracked 
|  35|0x0000000082300000, 0x0000000082400000, 0x0000000082400000|100%| O|  |TAMS 0x0000000082400000, 0x0000000082300000| Untracked 
|  36|0x0000000082400000, 0x0000000082500000, 0x0000000082500000|100%| O|  |TAMS 0x0000000082500000, 0x0000000082400000| Untracked 
|  37|0x0000000082500000, 0x0000000082600000, 0x0000000082600000|100%| O|  |TAMS 0x0000000082600000, 0x0000000082500000| Untracked 
|  38|0x0000000082600000, 0x0000000082700000, 0x0000000082700000|100%| O|  |TAMS 0x0000000082700000, 0x0000000082600000| Untracked 
|  39|0x0000000082700000, 0x0000000082800000, 0x0000000082800000|100%| O|  |TAMS 0x0000000082800000, 0x0000000082700000| Untracked 
|  40|0x0000000082800000, 0x0000000082900000, 0x0000000082900000|100%| O|  |TAMS 0x0000000082900000, 0x0000000082800000| Untracked 
|  41|0x0000000082900000, 0x0000000082a00000, 0x0000000082a00000|100%| O|  |TAMS 0x0000000082a00000, 0x0000000082900000| Untracked 
|  42|0x0000000082a00000, 0x0000000082b00000, 0x0000000082b00000|100%| O|  |TAMS 0x0000000082b00000, 0x0000000082a00000| Untracked 
|  43|0x0000000082b00000, 0x0000000082c00000, 0x0000000082c00000|100%| O|  |TAMS 0x0000000082c00000, 0x0000000082b00000| Untracked 
|  44|0x0000000082c00000, 0x0000000082d00000, 0x0000000082d00000|100%| O|  |TAMS 0x0000000082d00000, 0x0000000082c00000| Untracked 
|  45|0x0000000082d00000, 0x0000000082e00000, 0x0000000082e00000|100%| O|  |TAMS 0x0000000082e00000, 0x0000000082d00000| Untracked 
|  46|0x0000000082e00000, 0x0000000082f00000, 0x0000000082f00000|100%| O|  |TAMS 0x0000000082f00000, 0x0000000082e00000| Untracked 
|  47|0x0000000082f00000, 0x0000000083000000, 0x0000000083000000|100%| O|  |TAMS 0x0000000083000000, 0x0000000082f00000| Untracked 
|  48|0x0000000083000000, 0x0000000083100000, 0x0000000083100000|100%| O|  |TAMS 0x0000000083100000, 0x0000000083000000| Untracked 
|  49|0x0000000083100000, 0x0000000083200000, 0x0000000083200000|100%| O|  |TAMS 0x0000000083200000, 0x0000000083100000| Untracked 
|  50|0x0000000083200000, 0x0000000083300000, 0x0000000083300000|100%| O|  |TAMS 0x0000000083300000, 0x0000000083200000| Untracked 
|  51|0x0000000083300000, 0x0000000083400000, 0x0000000083400000|100%| O|  |TAMS 0x0000000083400000, 0x0000000083300000| Untracked 
|  52|0x0000000083400000, 0x0000000083500000, 0x0000000083500000|100%| O|  |TAMS 0x0000000083500000, 0x0000000083400000| Untracked 
|  53|0x0000000083500000, 0x0000000083600000, 0x0000000083600000|100%| O|  |TAMS 0x0000000083600000, 0x0000000083500000| Untracked 
|  54|0x0000000083600000, 0x0000000083700000, 0x0000000083700000|100%| O|  |TAMS 0x0000000083700000, 0x0000000083600000| Untracked 
|  55|0x0000000083700000, 0x0000000083800000, 0x0000000083800000|100%| O|  |TAMS 0x0000000083800000, 0x0000000083700000| Untracked 
|  56|0x0000000083800000, 0x0000000083900000, 0x0000000083900000|100%| O|  |TAMS 0x0000000083900000, 0x0000000083800000| Untracked 
|  57|0x0000000083900000, 0x0000000083a00000, 0x0000000083a00000|100%| O|  |TAMS 0x0000000083a00000, 0x0000000083900000| Untracked 
|  58|0x0000000083a00000, 0x0000000083b00000, 0x0000000083b00000|100%| O|  |TAMS 0x0000000083b00000, 0x0000000083a00000| Untracked 
|  59|0x0000000083b00000, 0x0000000083c00000, 0x0000000083c00000|100%| O|  |TAMS 0x0000000083c00000, 0x0000000083b00000| Untracked 
|  60|0x0000000083c00000, 0x0000000083d00000, 0x0000000083d00000|100%| O|  |TAMS 0x0000000083d00000, 0x0000000083c00000| Untracked 
|  61|0x0000000083d00000, 0x0000000083e00000, 0x0000000083e00000|100%| O|  |TAMS 0x0000000083e00000, 0x0000000083d00000| Untracked 
|  62|0x0000000083e00000, 0x0000000083f00000, 0x0000000083f00000|100%| O|  |TAMS 0x0000000083f00000, 0x0000000083e00000| Untracked 
|  63|0x0000000083f00000, 0x0000000084000000, 0x0000000084000000|100%| O|  |TAMS 0x0000000084000000, 0x0000000083f00000| Untracked 
|  64|0x0000000084000000, 0x0000000084100000, 0x0000000084100000|100%| O|  |TAMS 0x0000000084100000, 0x0000000084000000| Untracked 
|  65|0x0000000084100000, 0x0000000084200000, 0x0000000084200000|100%| O|  |TAMS 0x0000000084200000, 0x0000000084100000| Untracked 
|  66|0x0000000084200000, 0x0000000084300000, 0x0000000084300000|100%| O|  |TAMS 0x0000000084300000, 0x0000000084200000| Untracked 
|  67|0x0000000084300000, 0x0000000084400000, 0x0000000084400000|100%| O|  |TAMS 0x0000000084400000, 0x0000000084300000| Untracked 
|  68|0x0000000084400000, 0x0000000084500000, 0x0000000084500000|100%| O|  |TAMS 0x0000000084500000, 0x0000000084400000| Untracked 
|  69|0x0000000084500000, 0x0000000084600000, 0x0000000084600000|100%| O|  |TAMS 0x0000000084600000, 0x0000000084500000| Untracked 
|  70|0x0000000084600000, 0x0000000084700000, 0x0000000084700000|100%| O|  |TAMS 0x0000000084700000, 0x0000000084600000| Untracked 
|  71|0x0000000084700000, 0x0000000084800000, 0x0000000084800000|100%| O|  |TAMS 0x0000000084800000, 0x0000000084700000| Untracked 
|  72|0x0000000084800000, 0x0000000084900000, 0x0000000084900000|100%| O|  |TAMS 0x0000000084900000, 0x0000000084800000| Untracked 
|  73|0x0000000084900000, 0x0000000084a00000, 0x0000000084a00000|100%| O|  |TAMS 0x0000000084a00000, 0x0000000084900000| Untracked 
|  74|0x0000000084a00000, 0x0000000084b00000, 0x0000000084b00000|100%| O|  |TAMS 0x0000000084a00000, 0x0000000084a00000| Untracked 
|  75|0x0000000084b00000, 0x0000000084c00000, 0x0000000084c00000|100%| O|  |TAMS 0x0000000084c00000, 0x0000000084b00000| Untracked 
|  76|0x0000000084c00000, 0x0000000084d00000, 0x0000000084d00000|100%| O|  |TAMS 0x0000000084d00000, 0x0000000084c00000| Untracked 
|  77|0x0000000084d00000, 0x0000000084e00000, 0x0000000084e00000|100%| O|  |TAMS 0x0000000084e00000, 0x0000000084d00000| Untracked 
|  78|0x0000000084e00000, 0x0000000084f00000, 0x0000000084f00000|100%| O|  |TAMS 0x0000000084f00000, 0x0000000084e00000| Untracked 
|  79|0x0000000084f00000, 0x0000000085000000, 0x0000000085000000|100%| O|  |TAMS 0x0000000085000000, 0x0000000084f00000| Untracked 
|  80|0x0000000085000000, 0x0000000085100000, 0x0000000085100000|100%| O|  |TAMS 0x0000000085100000, 0x0000000085000000| Untracked 
|  81|0x0000000085100000, 0x0000000085200000, 0x0000000085200000|100%| O|  |TAMS 0x0000000085200000, 0x0000000085100000| Untracked 
|  82|0x0000000085200000, 0x0000000085300000, 0x0000000085300000|100%| O|  |TAMS 0x0000000085300000, 0x0000000085200000| Untracked 
|  83|0x0000000085300000, 0x0000000085400000, 0x0000000085400000|100%| O|  |TAMS 0x0000000085400000, 0x0000000085300000| Untracked 
|  84|0x0000000085400000, 0x0000000085500000, 0x0000000085500000|100%| O|  |TAMS 0x0000000085500000, 0x0000000085400000| Untracked 
|  85|0x0000000085500000, 0x0000000085600000, 0x0000000085600000|100%| O|  |TAMS 0x0000000085600000, 0x0000000085500000| Untracked 
|  86|0x0000000085600000, 0x0000000085700000, 0x0000000085700000|100%| O|  |TAMS 0x0000000085700000, 0x0000000085600000| Untracked 
|  87|0x0000000085700000, 0x0000000085800000, 0x0000000085800000|100%| O|  |TAMS 0x0000000085700000, 0x0000000085700000| Untracked 
|  88|0x0000000085800000, 0x0000000085800000, 0x0000000085900000|  0%| F|  |TAMS 0x0000000085800000, 0x0000000085800000| Untracked 
|  89|0x0000000085900000, 0x0000000085900000, 0x0000000085a00000|  0%| F|  |TAMS 0x0000000085900000, 0x0000000085900000| Untracked 
|  90|0x0000000085a00000, 0x0000000085b00000, 0x0000000085b00000|100%| O|  |TAMS 0x0000000085b00000, 0x0000000085a00000| Untracked 
|  91|0x0000000085b00000, 0x0000000085c00000, 0x0000000085c00000|100%| O|  |TAMS 0x0000000085c00000, 0x0000000085b00000| Untracked 
|  92|0x0000000085c00000, 0x0000000085d00000, 0x0000000085d00000|100%| O|  |TAMS 0x0000000085d00000, 0x0000000085c00000| Untracked 
|  93|0x0000000085d00000, 0x0000000085e00000, 0x0000000085e00000|100%| O|  |TAMS 0x0000000085e00000, 0x0000000085d00000| Untracked 
|  94|0x0000000085e00000, 0x0000000085f00000, 0x0000000085f00000|100%| O|  |TAMS 0x0000000085f00000, 0x0000000085e00000| Untracked 
|  95|0x0000000085f00000, 0x0000000085f00000, 0x0000000086000000|  0%| F|  |TAMS 0x0000000085f00000, 0x0000000085f00000| Untracked 
|  96|0x0000000086000000, 0x0000000086100000, 0x0000000086100000|100%| O|  |TAMS 0x0000000086100000, 0x0000000086000000| Untracked 
|  97|0x0000000086100000, 0x0000000086200000, 0x0000000086200000|100%| O|  |TAMS 0x0000000086200000, 0x0000000086100000| Untracked 
|  98|0x0000000086200000, 0x0000000086300000, 0x0000000086300000|100%| O|  |TAMS 0x0000000086300000, 0x0000000086200000| Untracked 
|  99|0x0000000086300000, 0x0000000086400000, 0x0000000086400000|100%| O|  |TAMS 0x0000000086400000, 0x0000000086300000| Untracked 
| 100|0x0000000086400000, 0x0000000086500000, 0x0000000086500000|100%| O|  |TAMS 0x0000000086500000, 0x0000000086400000| Untracked 
| 101|0x0000000086500000, 0x0000000086600000, 0x0000000086600000|100%| O|  |TAMS 0x0000000086600000, 0x0000000086500000| Untracked 
| 102|0x0000000086600000, 0x0000000086700000, 0x0000000086700000|100%| O|  |TAMS 0x0000000086700000, 0x0000000086600000| Untracked 
| 103|0x0000000086700000, 0x0000000086800000, 0x0000000086800000|100%| O|  |TAMS 0x0000000086800000, 0x0000000086700000| Untracked 
| 104|0x0000000086800000, 0x0000000086900000, 0x0000000086900000|100%| O|  |TAMS 0x0000000086900000, 0x0000000086800000| Untracked 
| 105|0x0000000086900000, 0x0000000086a00000, 0x0000000086a00000|100%| O|  |TAMS 0x0000000086a00000, 0x0000000086900000| Untracked 
| 106|0x0000000086a00000, 0x0000000086b00000, 0x0000000086b00000|100%| O|  |TAMS 0x0000000086b00000, 0x0000000086a00000| Untracked 
| 107|0x0000000086b00000, 0x0000000086c00000, 0x0000000086c00000|100%| O|  |TAMS 0x0000000086c00000, 0x0000000086b00000| Untracked 
| 108|0x0000000086c00000, 0x0000000086d00000, 0x0000000086d00000|100%| O|  |TAMS 0x0000000086d00000, 0x0000000086c00000| Untracked 
| 109|0x0000000086d00000, 0x0000000086e00000, 0x0000000086e00000|100%| O|  |TAMS 0x0000000086e00000, 0x0000000086d00000| Untracked 
| 110|0x0000000086e00000, 0x0000000086f00000, 0x0000000086f00000|100%| O|  |TAMS 0x0000000086f00000, 0x0000000086e00000| Untracked 
| 111|0x0000000086f00000, 0x0000000086f00000, 0x0000000087000000|  0%| F|  |TAMS 0x0000000086f00000, 0x0000000086f00000| Untracked 
| 112|0x0000000087000000, 0x0000000087000000, 0x0000000087100000|  0%| F|  |TAMS 0x0000000087000000, 0x0000000087000000| Untracked 
| 113|0x0000000087100000, 0x0000000087100000, 0x0000000087200000|  0%| F|  |TAMS 0x0000000087100000, 0x0000000087100000| Untracked 
| 114|0x0000000087200000, 0x0000000087200000, 0x0000000087300000|  0%| F|  |TAMS 0x0000000087200000, 0x0000000087200000| Untracked 
| 115|0x0000000087300000, 0x0000000087300000, 0x0000000087400000|  0%| F|  |TAMS 0x0000000087300000, 0x0000000087300000| Untracked 
| 116|0x0000000087400000, 0x0000000087400000, 0x0000000087500000|  0%| F|  |TAMS 0x0000000087400000, 0x0000000087400000| Untracked 
| 117|0x0000000087500000, 0x0000000087541000, 0x0000000087600000| 25%| O|  |TAMS 0x0000000087500000, 0x0000000087500000| Untracked 
| 118|0x0000000087600000, 0x0000000087600000, 0x0000000087700000|  0%| F|  |TAMS 0x0000000087600000, 0x0000000087600000| Untracked 
| 119|0x0000000087700000, 0x0000000087700000, 0x0000000087800000|  0%| F|  |TAMS 0x0000000087700000, 0x0000000087700000| Untracked 
| 120|0x0000000087800000, 0x0000000087800000, 0x0000000087900000|  0%| F|  |TAMS 0x0000000087800000, 0x0000000087800000| Untracked 
| 121|0x0000000087900000, 0x0000000087900000, 0x0000000087a00000|  0%| F|  |TAMS 0x0000000087900000, 0x0000000087900000| Untracked 
| 122|0x0000000087a00000, 0x0000000087a00000, 0x0000000087b00000|  0%| F|  |TAMS 0x0000000087a00000, 0x0000000087a00000| Untracked 
| 123|0x0000000087b00000, 0x0000000087b00000, 0x0000000087c00000|  0%| F|  |TAMS 0x0000000087b00000, 0x0000000087b00000| Untracked 
| 124|0x0000000087c00000, 0x0000000087c00000, 0x0000000087d00000|  0%| F|  |TAMS 0x0000000087c00000, 0x0000000087c00000| Untracked 
| 125|0x0000000087d00000, 0x0000000087d00000, 0x0000000087e00000|  0%| F|  |TAMS 0x0000000087d00000, 0x0000000087d00000| Untracked 
| 126|0x0000000087e00000, 0x0000000087e00000, 0x0000000087f00000|  0%| F|  |TAMS 0x0000000087e00000, 0x0000000087e00000| Untracked 
| 127|0x0000000087f00000, 0x0000000087f00000, 0x0000000088000000|  0%| F|  |TAMS 0x0000000087f00000, 0x0000000087f00000| Untracked 
| 128|0x0000000088000000, 0x0000000088000000, 0x0000000088100000|  0%| F|  |TAMS 0x0000000088000000, 0x0000000088000000| Untracked 
| 129|0x0000000088100000, 0x0000000088100000, 0x0000000088200000|  0%| F|  |TAMS 0x0000000088100000, 0x0000000088100000| Untracked 
| 130|0x0000000088200000, 0x0000000088200000, 0x0000000088300000|  0%| F|  |TAMS 0x0000000088200000, 0x0000000088200000| Untracked 
| 131|0x0000000088300000, 0x0000000088300000, 0x0000000088400000|  0%| F|  |TAMS 0x0000000088300000, 0x0000000088300000| Untracked 
| 132|0x0000000088400000, 0x0000000088400000, 0x0000000088500000|  0%| F|  |TAMS 0x0000000088400000, 0x0000000088400000| Untracked 
| 133|0x0000000088500000, 0x0000000088500000, 0x0000000088600000|  0%| F|  |TAMS 0x0000000088500000, 0x0000000088500000| Untracked 
| 134|0x0000000088600000, 0x0000000088600000, 0x0000000088700000|  0%| F|  |TAMS 0x0000000088600000, 0x0000000088600000| Untracked 
| 135|0x0000000088700000, 0x0000000088700000, 0x0000000088800000|  0%| F|  |TAMS 0x0000000088700000, 0x0000000088700000| Untracked 
| 136|0x0000000088800000, 0x0000000088800000, 0x0000000088900000|  0%| F|  |TAMS 0x0000000088800000, 0x0000000088800000| Untracked 
| 137|0x0000000088900000, 0x0000000088900000, 0x0000000088a00000|  0%| F|  |TAMS 0x0000000088900000, 0x0000000088900000| Untracked 
| 138|0x0000000088a00000, 0x0000000088a00000, 0x0000000088b00000|  0%| F|  |TAMS 0x0000000088a00000, 0x0000000088a00000| Untracked 
| 139|0x0000000088b00000, 0x0000000088b00000, 0x0000000088c00000|  0%| F|  |TAMS 0x0000000088b00000, 0x0000000088b00000| Untracked 
| 140|0x0000000088c00000, 0x0000000088c00000, 0x0000000088d00000|  0%| F|  |TAMS 0x0000000088c00000, 0x0000000088c00000| Untracked 
| 141|0x0000000088d00000, 0x0000000088d00000, 0x0000000088e00000|  0%| F|  |TAMS 0x0000000088d00000, 0x0000000088d00000| Untracked 
| 142|0x0000000088e00000, 0x0000000088e00000, 0x0000000088f00000|  0%| F|  |TAMS 0x0000000088e00000, 0x0000000088e00000| Untracked 
| 143|0x0000000088f00000, 0x0000000088f00000, 0x0000000089000000|  0%| F|  |TAMS 0x0000000088f00000, 0x0000000088f00000| Untracked 
| 144|0x0000000089000000, 0x0000000089000000, 0x0000000089100000|  0%| F|  |TAMS 0x0000000089000000, 0x0000000089000000| Untracked 
| 145|0x0000000089100000, 0x0000000089100000, 0x0000000089200000|  0%| F|  |TAMS 0x0000000089100000, 0x0000000089100000| Untracked 
| 146|0x0000000089200000, 0x0000000089200000, 0x0000000089300000|  0%| F|  |TAMS 0x0000000089200000, 0x0000000089200000| Untracked 
| 147|0x0000000089300000, 0x00000000893ac788, 0x0000000089400000| 67%| E|CS|TAMS 0x0000000089300000, 0x0000000089300000| Complete 
| 148|0x0000000089400000, 0x0000000089500000, 0x0000000089500000|100%| E|CS|TAMS 0x0000000089400000, 0x0000000089400000| Complete 
| 149|0x0000000089500000, 0x0000000089600000, 0x0000000089600000|100%| E|CS|TAMS 0x0000000089500000, 0x0000000089500000| Complete 
| 150|0x0000000089600000, 0x0000000089700000, 0x0000000089700000|100%| E|CS|TAMS 0x0000000089600000, 0x0000000089600000| Complete 
| 151|0x0000000089700000, 0x0000000089800000, 0x0000000089800000|100%| E|CS|TAMS 0x0000000089700000, 0x0000000089700000| Complete 
| 152|0x0000000089800000, 0x0000000089900000, 0x0000000089900000|100%| E|CS|TAMS 0x0000000089800000, 0x0000000089800000| Complete 
| 153|0x0000000089900000, 0x0000000089a00000, 0x0000000089a00000|100%| E|CS|TAMS 0x0000000089900000, 0x0000000089900000| Complete 
| 154|0x0000000089a00000, 0x0000000089b00000, 0x0000000089b00000|100%| E|CS|TAMS 0x0000000089a00000, 0x0000000089a00000| Complete 
| 155|0x0000000089b00000, 0x0000000089b00000, 0x0000000089c00000|  0%| F|  |TAMS 0x0000000089b00000, 0x0000000089b00000| Untracked 
| 156|0x0000000089c00000, 0x0000000089ce6f28, 0x0000000089d00000| 90%| S|  |TAMS 0x0000000089c00000, 0x0000000089c00000| Complete 
| 157|0x0000000089d00000, 0x0000000089e00000, 0x0000000089e00000|100%| S|  |TAMS 0x0000000089d00000, 0x0000000089d00000| Complete 
| 158|0x0000000089e00000, 0x0000000089f00000, 0x0000000089f00000|100%| S|  |TAMS 0x0000000089e00000, 0x0000000089e00000| Complete 
| 159|0x0000000089f00000, 0x000000008a000000, 0x000000008a000000|100%| S|  |TAMS 0x0000000089f00000, 0x0000000089f00000| Complete 
| 160|0x000000008a000000, 0x000000008a100000, 0x000000008a100000|100%| S|  |TAMS 0x000000008a000000, 0x000000008a000000| Complete 
| 161|0x000000008a100000, 0x000000008a200000, 0x000000008a200000|100%| S|  |TAMS 0x000000008a100000, 0x000000008a100000| Complete 
| 162|0x000000008a200000, 0x000000008a300000, 0x000000008a300000|100%| E|CS|TAMS 0x000000008a200000, 0x000000008a200000| Complete 
| 163|0x000000008a300000, 0x000000008a400000, 0x000000008a400000|100%| E|CS|TAMS 0x000000008a300000, 0x000000008a300000| Complete 
| 164|0x000000008a400000, 0x000000008a500000, 0x000000008a500000|100%| E|CS|TAMS 0x000000008a400000, 0x000000008a400000| Complete 
| 165|0x000000008a500000, 0x000000008a600000, 0x000000008a600000|100%| E|CS|TAMS 0x000000008a500000, 0x000000008a500000| Complete 
| 166|0x000000008a600000, 0x000000008a700000, 0x000000008a700000|100%| E|CS|TAMS 0x000000008a600000, 0x000000008a600000| Complete 
| 167|0x000000008a700000, 0x000000008a800000, 0x000000008a800000|100%| E|CS|TAMS 0x000000008a700000, 0x000000008a700000| Complete 
| 168|0x000000008a800000, 0x000000008a900000, 0x000000008a900000|100%| E|CS|TAMS 0x000000008a800000, 0x000000008a800000| Complete 
| 169|0x000000008a900000, 0x000000008aa00000, 0x000000008aa00000|100%| E|CS|TAMS 0x000000008a900000, 0x000000008a900000| Complete 
| 170|0x000000008aa00000, 0x000000008ab00000, 0x000000008ab00000|100%| E|CS|TAMS 0x000000008aa00000, 0x000000008aa00000| Complete 
| 171|0x000000008ab00000, 0x000000008ac00000, 0x000000008ac00000|100%| E|CS|TAMS 0x000000008ab00000, 0x000000008ab00000| Complete 
| 172|0x000000008ac00000, 0x000000008ad00000, 0x000000008ad00000|100%| E|CS|TAMS 0x000000008ac00000, 0x000000008ac00000| Complete 
| 173|0x000000008ad00000, 0x000000008ae00000, 0x000000008ae00000|100%| E|CS|TAMS 0x000000008ad00000, 0x000000008ad00000| Complete 
| 174|0x000000008ae00000, 0x000000008af00000, 0x000000008af00000|100%| E|CS|TAMS 0x000000008ae00000, 0x000000008ae00000| Complete 
| 175|0x000000008af00000, 0x000000008b000000, 0x000000008b000000|100%| E|CS|TAMS 0x000000008af00000, 0x000000008af00000| Complete 
| 176|0x000000008b000000, 0x000000008b100000, 0x000000008b100000|100%| E|CS|TAMS 0x000000008b000000, 0x000000008b000000| Complete 
| 177|0x000000008b100000, 0x000000008b200000, 0x000000008b200000|100%| E|CS|TAMS 0x000000008b100000, 0x000000008b100000| Complete 
| 178|0x000000008b200000, 0x000000008b300000, 0x000000008b300000|100%| E|CS|TAMS 0x000000008b200000, 0x000000008b200000| Complete 
| 179|0x000000008b300000, 0x000000008b400000, 0x000000008b400000|100%| E|CS|TAMS 0x000000008b300000, 0x000000008b300000| Complete 
| 180|0x000000008b400000, 0x000000008b500000, 0x000000008b500000|100%| E|CS|TAMS 0x000000008b400000, 0x000000008b400000| Complete 
| 181|0x000000008b500000, 0x000000008b600000, 0x000000008b600000|100%| E|CS|TAMS 0x000000008b500000, 0x000000008b500000| Complete 
| 182|0x000000008b600000, 0x000000008b700000, 0x000000008b700000|100%| E|CS|TAMS 0x000000008b600000, 0x000000008b600000| Complete 
| 183|0x000000008b700000, 0x000000008b800000, 0x000000008b800000|100%| E|CS|TAMS 0x000000008b700000, 0x000000008b700000| Complete 
| 184|0x000000008b800000, 0x000000008b900000, 0x000000008b900000|100%| E|CS|TAMS 0x000000008b800000, 0x000000008b800000| Complete 
| 185|0x000000008b900000, 0x000000008ba00000, 0x000000008ba00000|100%| E|CS|TAMS 0x000000008b900000, 0x000000008b900000| Complete 
| 186|0x000000008ba00000, 0x000000008bb00000, 0x000000008bb00000|100%| E|CS|TAMS 0x000000008ba00000, 0x000000008ba00000| Complete 
| 187|0x000000008bb00000, 0x000000008bc00000, 0x000000008bc00000|100%| E|CS|TAMS 0x000000008bb00000, 0x000000008bb00000| Complete 
| 188|0x000000008bc00000, 0x000000008bd00000, 0x000000008bd00000|100%| E|CS|TAMS 0x000000008bc00000, 0x000000008bc00000| Complete 
| 189|0x000000008bd00000, 0x000000008be00000, 0x000000008be00000|100%| E|CS|TAMS 0x000000008bd00000, 0x000000008bd00000| Complete 
| 190|0x000000008be00000, 0x000000008bf00000, 0x000000008bf00000|100%| E|CS|TAMS 0x000000008be00000, 0x000000008be00000| Complete 
| 191|0x000000008bf00000, 0x000000008c000000, 0x000000008c000000|100%| E|CS|TAMS 0x000000008bf00000, 0x000000008bf00000| Complete 
| 192|0x000000008c000000, 0x000000008c100000, 0x000000008c100000|100%| E|CS|TAMS 0x000000008c000000, 0x000000008c000000| Complete 
| 193|0x000000008c100000, 0x000000008c200000, 0x000000008c200000|100%| E|CS|TAMS 0x000000008c100000, 0x000000008c100000| Complete 
| 194|0x000000008c200000, 0x000000008c300000, 0x000000008c300000|100%| E|CS|TAMS 0x000000008c200000, 0x000000008c200000| Complete 
| 195|0x000000008c300000, 0x000000008c400000, 0x000000008c400000|100%| E|CS|TAMS 0x000000008c300000, 0x000000008c300000| Complete 
| 196|0x000000008c400000, 0x000000008c500000, 0x000000008c500000|100%| E|CS|TAMS 0x000000008c400000, 0x000000008c400000| Complete 
| 197|0x000000008c500000, 0x000000008c600000, 0x000000008c600000|100%| E|CS|TAMS 0x000000008c500000, 0x000000008c500000| Complete 
| 198|0x000000008c600000, 0x000000008c700000, 0x000000008c700000|100%| E|CS|TAMS 0x000000008c600000, 0x000000008c600000| Complete 
| 199|0x000000008c700000, 0x000000008c800000, 0x000000008c800000|100%| E|CS|TAMS 0x000000008c700000, 0x000000008c700000| Complete 
| 200|0x000000008c800000, 0x000000008c900000, 0x000000008c900000|100%| E|CS|TAMS 0x000000008c800000, 0x000000008c800000| Complete 
| 201|0x000000008c900000, 0x000000008ca00000, 0x000000008ca00000|100%| E|CS|TAMS 0x000000008c900000, 0x000000008c900000| Complete 
| 202|0x000000008ca00000, 0x000000008cb00000, 0x000000008cb00000|100%| E|CS|TAMS 0x000000008ca00000, 0x000000008ca00000| Complete 
| 203|0x000000008cb00000, 0x000000008cc00000, 0x000000008cc00000|100%| E|CS|TAMS 0x000000008cb00000, 0x000000008cb00000| Complete 
| 204|0x000000008cc00000, 0x000000008cd00000, 0x000000008cd00000|100%| E|CS|TAMS 0x000000008cc00000, 0x000000008cc00000| Complete 
| 205|0x000000008cd00000, 0x000000008ce00000, 0x000000008ce00000|100%| E|CS|TAMS 0x000000008cd00000, 0x000000008cd00000| Complete 
| 206|0x000000008ce00000, 0x000000008cf00000, 0x000000008cf00000|100%| E|CS|TAMS 0x000000008ce00000, 0x000000008ce00000| Complete 
| 207|0x000000008cf00000, 0x000000008d000000, 0x000000008d000000|100%| E|CS|TAMS 0x000000008cf00000, 0x000000008cf00000| Complete 
| 208|0x000000008d000000, 0x000000008d100000, 0x000000008d100000|100%| E|CS|TAMS 0x000000008d000000, 0x000000008d000000| Complete 
| 209|0x000000008d100000, 0x000000008d200000, 0x000000008d200000|100%| E|CS|TAMS 0x000000008d100000, 0x000000008d100000| Complete 
| 210|0x000000008d200000, 0x000000008d300000, 0x000000008d300000|100%| E|CS|TAMS 0x000000008d200000, 0x000000008d200000| Complete 
| 211|0x000000008d300000, 0x000000008d400000, 0x000000008d400000|100%| E|CS|TAMS 0x000000008d300000, 0x000000008d300000| Complete 
| 212|0x000000008d400000, 0x000000008d500000, 0x000000008d500000|100%| E|CS|TAMS 0x000000008d400000, 0x000000008d400000| Complete 
| 213|0x000000008d500000, 0x000000008d600000, 0x000000008d600000|100%| E|CS|TAMS 0x000000008d500000, 0x000000008d500000| Complete 
| 214|0x000000008d600000, 0x000000008d700000, 0x000000008d700000|100%| E|CS|TAMS 0x000000008d600000, 0x000000008d600000| Complete 
| 215|0x000000008d700000, 0x000000008d800000, 0x000000008d800000|100%| E|CS|TAMS 0x000000008d700000, 0x000000008d700000| Complete 
| 216|0x000000008d800000, 0x000000008d900000, 0x000000008d900000|100%| E|CS|TAMS 0x000000008d800000, 0x000000008d800000| Complete 
| 217|0x000000008d900000, 0x000000008da00000, 0x000000008da00000|100%| E|CS|TAMS 0x000000008d900000, 0x000000008d900000| Complete 
| 218|0x000000008da00000, 0x000000008db00000, 0x000000008db00000|100%| E|CS|TAMS 0x000000008da00000, 0x000000008da00000| Complete 
| 219|0x000000008db00000, 0x000000008dc00000, 0x000000008dc00000|100%| E|CS|TAMS 0x000000008db00000, 0x000000008db00000| Complete 
| 220|0x000000008dc00000, 0x000000008dd00000, 0x000000008dd00000|100%| E|CS|TAMS 0x000000008dc00000, 0x000000008dc00000| Complete 
| 221|0x000000008dd00000, 0x000000008de00000, 0x000000008de00000|100%| E|CS|TAMS 0x000000008dd00000, 0x000000008dd00000| Complete 
| 222|0x000000008de00000, 0x000000008df00000, 0x000000008df00000|100%| E|CS|TAMS 0x000000008de00000, 0x000000008de00000| Complete 
| 223|0x000000008df00000, 0x000000008e000000, 0x000000008e000000|100%| E|CS|TAMS 0x000000008df00000, 0x000000008df00000| Complete 
| 224|0x000000008e000000, 0x000000008e100000, 0x000000008e100000|100%| E|CS|TAMS 0x000000008e000000, 0x000000008e000000| Complete 
| 225|0x000000008e100000, 0x000000008e200000, 0x000000008e200000|100%| E|CS|TAMS 0x000000008e100000, 0x000000008e100000| Complete 
| 226|0x000000008e200000, 0x000000008e300000, 0x000000008e300000|100%| E|CS|TAMS 0x000000008e200000, 0x000000008e200000| Complete 
| 227|0x000000008e300000, 0x000000008e400000, 0x000000008e400000|100%| E|CS|TAMS 0x000000008e300000, 0x000000008e300000| Complete 
| 228|0x000000008e400000, 0x000000008e500000, 0x000000008e500000|100%| E|CS|TAMS 0x000000008e400000, 0x000000008e400000| Complete 
| 229|0x000000008e500000, 0x000000008e600000, 0x000000008e600000|100%| E|CS|TAMS 0x000000008e500000, 0x000000008e500000| Complete 
| 230|0x000000008e600000, 0x000000008e700000, 0x000000008e700000|100%| E|CS|TAMS 0x000000008e600000, 0x000000008e600000| Complete 
| 231|0x000000008e700000, 0x000000008e800000, 0x000000008e800000|100%| E|CS|TAMS 0x000000008e700000, 0x000000008e700000| Complete 
| 232|0x000000008e800000, 0x000000008e900000, 0x000000008e900000|100%| E|CS|TAMS 0x000000008e800000, 0x000000008e800000| Complete 
| 233|0x000000008e900000, 0x000000008ea00000, 0x000000008ea00000|100%| E|CS|TAMS 0x000000008e900000, 0x000000008e900000| Complete 
| 234|0x000000008ea00000, 0x000000008eb00000, 0x000000008eb00000|100%| E|CS|TAMS 0x000000008ea00000, 0x000000008ea00000| Complete 
| 235|0x000000008eb00000, 0x000000008ec00000, 0x000000008ec00000|100%| E|CS|TAMS 0x000000008eb00000, 0x000000008eb00000| Complete 
| 236|0x000000008ec00000, 0x000000008ed00000, 0x000000008ed00000|100%| E|CS|TAMS 0x000000008ec00000, 0x000000008ec00000| Complete 
| 237|0x000000008ed00000, 0x000000008ee00000, 0x000000008ee00000|100%| E|CS|TAMS 0x000000008ed00000, 0x000000008ed00000| Complete 
| 238|0x000000008ee00000, 0x000000008ef00000, 0x000000008ef00000|100%| E|CS|TAMS 0x000000008ee00000, 0x000000008ee00000| Complete 
| 239|0x000000008ef00000, 0x000000008f000000, 0x000000008f000000|100%| E|CS|TAMS 0x000000008ef00000, 0x000000008ef00000| Complete 
| 240|0x000000008f000000, 0x000000008f100000, 0x000000008f100000|100%| E|CS|TAMS 0x000000008f000000, 0x000000008f000000| Complete 
| 241|0x000000008f100000, 0x000000008f200000, 0x000000008f200000|100%| E|CS|TAMS 0x000000008f100000, 0x000000008f100000| Complete 
| 242|0x000000008f200000, 0x000000008f300000, 0x000000008f300000|100%| E|CS|TAMS 0x000000008f200000, 0x000000008f200000| Complete 
| 243|0x000000008f300000, 0x000000008f400000, 0x000000008f400000|100%| E|CS|TAMS 0x000000008f300000, 0x000000008f300000| Complete 
| 244|0x000000008f400000, 0x000000008f500000, 0x000000008f500000|100%| E|CS|TAMS 0x000000008f400000, 0x000000008f400000| Complete 
| 245|0x000000008f500000, 0x000000008f600000, 0x000000008f600000|100%| E|CS|TAMS 0x000000008f500000, 0x000000008f500000| Complete 
| 246|0x000000008f600000, 0x000000008f700000, 0x000000008f700000|100%| E|CS|TAMS 0x000000008f600000, 0x000000008f600000| Complete 
| 247|0x000000008f700000, 0x000000008f800000, 0x000000008f800000|100%| E|CS|TAMS 0x000000008f700000, 0x000000008f700000| Complete 
| 248|0x000000008f800000, 0x000000008f900000, 0x000000008f900000|100%| E|CS|TAMS 0x000000008f800000, 0x000000008f800000| Complete 
| 249|0x000000008f900000, 0x000000008fa00000, 0x000000008fa00000|100%| E|CS|TAMS 0x000000008f900000, 0x000000008f900000| Complete 
| 250|0x000000008fa00000, 0x000000008fb00000, 0x000000008fb00000|100%| E|CS|TAMS 0x000000008fa00000, 0x000000008fa00000| Complete 
| 251|0x000000008fb00000, 0x000000008fc00000, 0x000000008fc00000|100%| E|CS|TAMS 0x000000008fb00000, 0x000000008fb00000| Complete 
| 252|0x000000008fc00000, 0x000000008fd00000, 0x000000008fd00000|100%| E|CS|TAMS 0x000000008fc00000, 0x000000008fc00000| Complete 
| 253|0x000000008fd00000, 0x000000008fe00000, 0x000000008fe00000|100%| E|CS|TAMS 0x000000008fd00000, 0x000000008fd00000| Complete 
| 254|0x000000008fe00000, 0x000000008ff00000, 0x000000008ff00000|100%| E|CS|TAMS 0x000000008fe00000, 0x000000008fe00000| Complete 
| 255|0x000000008ff00000, 0x0000000090000000, 0x0000000090000000|100%| E|CS|TAMS 0x000000008ff00000, 0x000000008ff00000| Complete 
| 256|0x0000000090000000, 0x0000000090100000, 0x0000000090100000|100%| E|CS|TAMS 0x0000000090000000, 0x0000000090000000| Complete 
| 257|0x0000000090100000, 0x0000000090200000, 0x0000000090200000|100%| E|CS|TAMS 0x0000000090100000, 0x0000000090100000| Complete 
| 258|0x0000000090200000, 0x0000000090300000, 0x0000000090300000|100%| E|CS|TAMS 0x0000000090200000, 0x0000000090200000| Complete 
| 259|0x0000000090300000, 0x0000000090400000, 0x0000000090400000|100%| E|CS|TAMS 0x0000000090300000, 0x0000000090300000| Complete 
| 260|0x0000000090400000, 0x0000000090500000, 0x0000000090500000|100%| E|CS|TAMS 0x0000000090400000, 0x0000000090400000| Complete 
| 261|0x0000000090500000, 0x0000000090600000, 0x0000000090600000|100%| E|CS|TAMS 0x0000000090500000, 0x0000000090500000| Complete 
| 262|0x0000000090600000, 0x0000000090700000, 0x0000000090700000|100%| E|CS|TAMS 0x0000000090600000, 0x0000000090600000| Complete 
| 263|0x0000000090700000, 0x0000000090800000, 0x0000000090800000|100%| E|CS|TAMS 0x0000000090700000, 0x0000000090700000| Complete 
| 264|0x0000000090800000, 0x0000000090900000, 0x0000000090900000|100%| E|CS|TAMS 0x0000000090800000, 0x0000000090800000| Complete 
| 265|0x0000000090900000, 0x0000000090a00000, 0x0000000090a00000|100%| E|CS|TAMS 0x0000000090900000, 0x0000000090900000| Complete 
| 266|0x0000000090a00000, 0x0000000090b00000, 0x0000000090b00000|100%| E|CS|TAMS 0x0000000090a00000, 0x0000000090a00000| Complete 
| 267|0x0000000090b00000, 0x0000000090c00000, 0x0000000090c00000|100%| E|CS|TAMS 0x0000000090b00000, 0x0000000090b00000| Complete 
| 268|0x0000000090c00000, 0x0000000090d00000, 0x0000000090d00000|100%| E|CS|TAMS 0x0000000090c00000, 0x0000000090c00000| Complete 

Card table byte_map: [0x000002d07a1d0000,0x000002d07a5d0000] _byte_map_base: 0x000002d079dd0000

Marking Bits (Prev, Next): (CMBitMap*) 0x000002d0654eb968, (CMBitMap*) 0x000002d0654eb9a0
 Prev Bits: [0x000002d07a9d0000, 0x000002d07c9d0000)
 Next Bits: [0x000002d07c9d0000, 0x000002d07e9d0000)

Polling page: 0x000002d065590000

Metaspace:

Usage:
  Non-class:    114.56 MB capacity,   111.46 MB ( 97%) used,     2.54 MB (  2%) free+waste,   574.50 KB ( <1%) overhead. 
      Class:     17.64 MB capacity,    15.84 MB ( 90%) used,     1.55 MB (  9%) free+waste,   259.44 KB (  1%) overhead. 
       Both:    132.20 MB capacity,   127.30 MB ( 96%) used,     4.09 MB (  3%) free+waste,   833.94 KB ( <1%) overhead. 

Virtual space:
  Non-class space:      116.00 MB reserved,     114.70 MB ( 99%) committed 
      Class space:        1.00 GB reserved,      17.75 MB (  2%) committed 
             Both:        1.11 GB reserved,     132.45 MB ( 12%) committed 

Chunk freelists:
   Non-Class:  16.00 KB
       Class:  13.00 KB
        Both:  29.00 KB

MaxMetaspaceSize: 17179869184.00 GB
CompressedClassSpaceSize: 1.00 GB

CodeHeap 'non-profiled nmethods': size=120064Kb used=16019Kb max_used=16019Kb free=104044Kb
 bounds [0x000002d072270000, 0x000002d073220000, 0x000002d0797b0000]
CodeHeap 'profiled nmethods': size=120000Kb used=51412Kb max_used=51412Kb free=68587Kb
 bounds [0x000002d06ad40000, 0x000002d06df90000, 0x000002d072270000]
CodeHeap 'non-nmethods': size=5696Kb used=2379Kb max_used=2434Kb free=3316Kb
 bounds [0x000002d06a7b0000, 0x000002d06aa30000, 0x000002d06ad40000]
 total_blobs=24133 nmethods=23125 adapters=917
 compilation: enabled
              stopped_count=0, restarted_count=0
 full_count=0

Compilation events (20 events):
Event: 4238.456 Thread 0x000002d07f8e8000 24978       3       org.jetbrains.kotlin.gradle.plugin.KotlinMultiplatformPluginKt$whenEvaluated$2::execute (9 bytes)
Event: 4238.457 Thread 0x000002d07f8e8000 nmethod 24978 0x000002d06df84990 code [0x000002d06df84c00, 0x000002d06df855b8]
Event: 4238.459 Thread 0x000002d07f8e8000 24979       3       org.jetbrains.kotlin.gradle.plugin.Android25ProjectHandlerKt::getTestedVariantData (64 bytes)
Event: 4238.460 Thread 0x000002d07f8e8000 nmethod 24979 0x000002d06df85910 code [0x000002d06df85ba0, 0x000002d06df86998]
Event: 4238.461 Thread 0x000002d07f8e8000 24980       3       kotlin.ranges.RangesKt___RangesKt::coerceAtMost (11 bytes)
Event: 4238.462 Thread 0x000002d07f8e8000 nmethod 24980 0x000002d06c25df90 code [0x000002d06c25e140, 0x000002d06c25e278]
Event: 4238.470 Thread 0x000002d07f8e8000 24981       3       org.gradle.api.DefaultTask::<init> (5 bytes)
Event: 4238.470 Thread 0x000002d07f8e8000 nmethod 24981 0x000002d06df86c90 code [0x000002d06df86e80, 0x000002d06df87218]
Event: 4238.470 Thread 0x000002d07f8e8000 24982       3       org.gradle.api.internal.AbstractTask::<init> (8 bytes)
Event: 4238.470 Thread 0x000002d07f8e8000 nmethod 24982 0x000002d06df87390 code [0x000002d06df87560, 0x000002d06df87898]
Event: 4238.470 Thread 0x000002d07f8e8000 24983       3       org.gradle.api.internal.AbstractTask::taskInfo (10 bytes)
Event: 4238.471 Thread 0x000002d07f8e8000 nmethod 24983 0x000002d06df87990 code [0x000002d06df87b60, 0x000002d06df87dc8]
Event: 4238.471 Thread 0x000002d07f8e8000 24984       3       org.gradle.internal.logging.slf4j.DefaultContextAwareTaskLogger::isDebugEnabled (8 bytes)
Event: 4238.471 Thread 0x000002d07f8e8000 nmethod 24984 0x000002d06df87e90 code [0x000002d06df88040, 0x000002d06df88208]
Event: 4238.471 Thread 0x000002d07f8e8000 24985       3       com.google.gson.TypeAdapter::nullSafe (9 bytes)
Event: 4238.472 Thread 0x000002d07f8e8000 nmethod 24985 0x000002d06df88310 code [0x000002d06df884e0, 0x000002d06df887b8]
Event: 4238.472 Thread 0x000002d07f8e8000 24986       3       com.google.gson.TypeAdapter$1::<init> (10 bytes)
Event: 4238.472 Thread 0x000002d07f8e8000 nmethod 24986 0x000002d06df88910 code [0x000002d06df88ac0, 0x000002d06df88cd8]
Event: 4238.474 Thread 0x000002d07f8e8000 24987       3       com.sun.org.apache.xerces.internal.util.NamespaceSupport::containsPrefixInCurrentContext (38 bytes)
Event: 4238.474 Thread 0x000002d07f8e8000 nmethod 24987 0x000002d06df88e10 code [0x000002d06df88fe0, 0x000002d06df89238]

GC Heap History (20 events):
Event: 508.499 GC heap after
{Heap after GC invocations=29 (full 0):
 garbage-first heap   total 275456K, used 115372K [0x0000000080000000, 0x0000000100000000)
  region size 1024K, 7 young (7168K), 7 survivors (7168K)
 Metaspace       used 124240K, capacity 127569K, committed 127692K, reserved 1161216K
  class space    used 15534K, capacity 16812K, committed 16896K, reserved 1048576K
}
Event: 804.614 GC heap before
{Heap before GC invocations=29 (full 0):
 garbage-first heap   total 275456K, used 199340K [0x0000000080000000, 0x0000000100000000)
  region size 1024K, 90 young (92160K), 7 survivors (7168K)
 Metaspace       used 124698K, capacity 128042K, committed 128204K, reserved 1161216K
  class space    used 15545K, capacity 16831K, committed 16896K, reserved 1048576K
}
Event: 804.631 GC heap after
{Heap after GC invocations=30 (full 0):
 garbage-first heap   total 275456K, used 116865K [0x0000000080000000, 0x0000000100000000)
  region size 1024K, 7 young (7168K), 7 survivors (7168K)
 Metaspace       used 124698K, capacity 128042K, committed 128204K, reserved 1161216K
  class space    used 15545K, capacity 16831K, committed 16896K, reserved 1048576K
}
Event: 1461.339 GC heap before
{Heap before GC invocations=30 (full 0):
 garbage-first heap   total 275456K, used 213121K [0x0000000080000000, 0x0000000100000000)
  region size 1024K, 93 young (95232K), 7 survivors (7168K)
 Metaspace       used 125266K, capacity 128728K, committed 128972K, reserved 1161216K
  class space    used 15573K, capacity 16883K, committed 16896K, reserved 1048576K
}
Event: 1461.361 GC heap after
{Heap after GC invocations=31 (full 0):
 garbage-first heap   total 275456K, used 117321K [0x0000000080000000, 0x0000000100000000)
  region size 1024K, 7 young (7168K), 7 survivors (7168K)
 Metaspace       used 125266K, capacity 128728K, committed 128972K, reserved 1161216K
  class space    used 15573K, capacity 16883K, committed 16896K, reserved 1048576K
}
Event: 1492.373 GC heap before
{Heap before GC invocations=31 (full 0):
 garbage-first heap   total 275456K, used 207433K [0x0000000080000000, 0x0000000100000000)
  region size 1024K, 96 young (98304K), 7 survivors (7168K)
 Metaspace       used 126004K, capacity 129680K, committed 129868K, reserved 1163264K
  class space    used 15646K, capacity 17018K, committed 17024K, reserved 1048576K
}
Event: 1492.388 GC heap after
{Heap after GC invocations=32 (full 0):
 garbage-first heap   total 275456K, used 116887K [0x0000000080000000, 0x0000000100000000)
  region size 1024K, 6 young (6144K), 6 survivors (6144K)
 Metaspace       used 126004K, capacity 129680K, committed 129868K, reserved 1163264K
  class space    used 15646K, capacity 17018K, committed 17024K, reserved 1048576K
}
Event: 1757.705 GC heap before
{Heap before GC invocations=32 (full 0):
 garbage-first heap   total 275456K, used 211095K [0x0000000080000000, 0x0000000100000000)
  region size 1024K, 99 young (101376K), 6 survivors (6144K)
 Metaspace       used 127042K, capacity 131092K, committed 131276K, reserved 1163264K
  class space    used 15831K, capacity 17361K, committed 17408K, reserved 1048576K
}
Event: 1757.718 GC heap after
{Heap after GC invocations=33 (full 0):
 garbage-first heap   total 275456K, used 114728K [0x0000000080000000, 0x0000000100000000)
  region size 1024K, 4 young (4096K), 4 survivors (4096K)
 Metaspace       used 127042K, capacity 131092K, committed 131276K, reserved 1163264K
  class space    used 15831K, capacity 17361K, committed 17408K, reserved 1048576K
}
Event: 2375.841 GC heap before
{Heap before GC invocations=33 (full 0):
 garbage-first heap   total 275456K, used 214056K [0x0000000080000000, 0x0000000100000000)
  region size 1024K, 102 young (104448K), 4 survivors (4096K)
 Metaspace       used 127312K, capacity 131360K, committed 131532K, reserved 1163264K
  class space    used 15833K, capacity 17361K, committed 17408K, reserved 1048576K
}
Event: 2375.857 GC heap after
{Heap after GC invocations=34 (full 0):
 garbage-first heap   total 275456K, used 117741K [0x0000000080000000, 0x0000000100000000)
  region size 1024K, 7 young (7168K), 7 survivors (7168K)
 Metaspace       used 127312K, capacity 131360K, committed 131532K, reserved 1163264K
  class space    used 15833K, capacity 17361K, committed 17408K, reserved 1048576K
}
Event: 2890.304 GC heap before
{Heap before GC invocations=34 (full 0):
 garbage-first heap   total 275456K, used 217069K [0x0000000080000000, 0x0000000100000000)
  region size 1024K, 105 young (107520K), 7 survivors (7168K)
 Metaspace       used 127506K, capacity 131557K, committed 131788K, reserved 1163264K
  class space    used 15833K, capacity 17361K, committed 17408K, reserved 1048576K
}
Event: 2890.313 GC heap after
{Heap after GC invocations=35 (full 0):
 garbage-first heap   total 275456K, used 114948K [0x0000000080000000, 0x0000000100000000)
  region size 1024K, 4 young (4096K), 4 survivors (4096K)
 Metaspace       used 127506K, capacity 131557K, committed 131788K, reserved 1163264K
  class space    used 15833K, capacity 17361K, committed 17408K, reserved 1048576K
}
Event: 3032.555 GC heap before
{Heap before GC invocations=35 (full 0):
 garbage-first heap   total 275456K, used 220420K [0x0000000080000000, 0x0000000100000000)
  region size 1024K, 108 young (110592K), 4 survivors (4096K)
 Metaspace       used 127691K, capacity 131766K, committed 132044K, reserved 1163264K
  class space    used 15835K, capacity 17363K, committed 17408K, reserved 1048576K
}
Event: 3032.568 GC heap after
{Heap after GC invocations=36 (full 0):
 garbage-first heap   total 275456K, used 114139K [0x0000000080000000, 0x0000000100000000)
  region size 1024K, 4 young (4096K), 4 survivors (4096K)
 Metaspace       used 127691K, capacity 131766K, committed 132044K, reserved 1163264K
  class space    used 15835K, capacity 17363K, committed 17408K, reserved 1048576K
}
Event: 3369.021 GC heap before
{Heap before GC invocations=36 (full 0):
 garbage-first heap   total 275456K, used 222683K [0x0000000080000000, 0x0000000100000000)
  region size 1024K, 111 young (113664K), 4 survivors (4096K)
 Metaspace       used 129664K, capacity 134689K, committed 134988K, reserved 1167360K
  class space    used 16179K, capacity 18002K, committed 18048K, reserved 1048576K
}
Event: 3369.032 GC heap after
{Heap after GC invocations=37 (full 0):
 garbage-first heap   total 275456K, used 113797K [0x0000000080000000, 0x0000000100000000)
  region size 1024K, 3 young (3072K), 3 survivors (3072K)
 Metaspace       used 129664K, capacity 134689K, committed 134988K, reserved 1167360K
  class space    used 16179K, capacity 18002K, committed 18048K, reserved 1048576K
}
Event: 3718.202 GC heap before
{Heap before GC invocations=37 (full 0):
 garbage-first heap   total 275456K, used 235653K [0x0000000080000000, 0x0000000100000000)
  region size 1024K, 114 young (116736K), 3 survivors (3072K)
 Metaspace       used 129892K, capacity 134905K, committed 134988K, reserved 1167360K
  class space    used 16181K, capacity 18004K, committed 18048K, reserved 1048576K
}
Event: 3718.223 GC heap after
{Heap after GC invocations=38 (full 0):
 garbage-first heap   total 275456K, used 118709K [0x0000000080000000, 0x0000000100000000)
  region size 1024K, 8 young (8192K), 8 survivors (8192K)
 Metaspace       used 129892K, capacity 134905K, committed 134988K, reserved 1167360K
  class space    used 16181K, capacity 18004K, committed 18048K, reserved 1048576K
}
Event: 4238.485 GC heap before
{Heap before GC invocations=38 (full 0):
 garbage-first heap   total 275456K, used 227253K [0x0000000080000000, 0x0000000100000000)
  region size 1024K, 115 young (117760K), 8 survivors (8192K)
 Metaspace       used 130357K, capacity 135375K, committed 135628K, reserved 1167360K
  class space    used 16222K, capacity 18067K, committed 18176K, reserved 1048576K
}

Deoptimization events (20 events):
Event: 3721.064 Thread 0x000002d0068e9000 Uncommon trap: trap_request=0xffffffc6 fr.pc=0x000002d072ffcc34 relative=0x00000000000004d4
Event: 3721.064 Thread 0x000002d0068e9000 Uncommon trap: reason=bimorphic_or_optimized_type_check action=maybe_recompile pc=0x000002d072ffcc34 method=java.util.concurrent.CopyOnWriteArrayList.indexOfRange(Ljava/lang/Object;[Ljava/lang/Object;II)I @ 46 c2
Event: 3721.064 Thread 0x000002d0068e9000 DEOPT PACKING pc=0x000002d072ffcc34 sp=0x000000fd00ffbfd0
Event: 3721.064 Thread 0x000002d0068e9000 DEOPT UNPACKING pc=0x000002d06a7d78af sp=0x000000fd00ffbf90 mode 2
Event: 3721.064 Thread 0x000002d0068e9000 Uncommon trap: trap_request=0xffffffc6 fr.pc=0x000002d072ffcc34 relative=0x00000000000004d4
Event: 3721.064 Thread 0x000002d0068e9000 Uncommon trap: reason=bimorphic_or_optimized_type_check action=maybe_recompile pc=0x000002d072ffcc34 method=java.util.concurrent.CopyOnWriteArrayList.indexOfRange(Ljava/lang/Object;[Ljava/lang/Object;II)I @ 46 c2
Event: 3721.064 Thread 0x000002d0068e9000 DEOPT PACKING pc=0x000002d072ffcc34 sp=0x000000fd00ffbcd0
Event: 3721.064 Thread 0x000002d0068e9000 DEOPT UNPACKING pc=0x000002d06a7d78af sp=0x000000fd00ffbc90 mode 2
Event: 3794.233 Thread 0x000002d007461800 Uncommon trap: trap_request=0xffffffd6 fr.pc=0x000002d0731a0850 relative=0x00000000000006f0
Event: 3794.233 Thread 0x000002d007461800 Uncommon trap: reason=array_check action=maybe_recompile pc=0x000002d0731a0850 method=java.util.ComparableTimSort.binarySort([Ljava/lang/Object;III)V @ 215 c2
Event: 3794.233 Thread 0x000002d007461800 DEOPT PACKING pc=0x000002d0731a0850 sp=0x000000fd04cf9990
Event: 3794.233 Thread 0x000002d007461800 DEOPT UNPACKING pc=0x000002d06a7d78af sp=0x000000fd04cf9930 mode 2
Event: 3794.244 Thread 0x000002d007461800 Uncommon trap: trap_request=0xffffff6e fr.pc=0x000002d073196ea0 relative=0x0000000000007680
Event: 3794.244 Thread 0x000002d007461800 Uncommon trap: reason=speculate_class_check action=maybe_recompile pc=0x000002d073196ea0 method=java.io.ObjectOutputStream.writeNonProxyDesc(Ljava/io/ObjectStreamClass;Z)V @ 78 c2
Event: 3794.244 Thread 0x000002d007461800 DEOPT PACKING pc=0x000002d073196ea0 sp=0x000000fd04cf9300
Event: 3794.244 Thread 0x000002d007461800 DEOPT UNPACKING pc=0x000002d06a7d78af sp=0x000000fd04cf91b0 mode 2
Event: 3794.244 Thread 0x000002d007461800 Uncommon trap: trap_request=0xffffff6e fr.pc=0x000002d073196ea0 relative=0x0000000000007680
Event: 3794.244 Thread 0x000002d007461800 Uncommon trap: reason=speculate_class_check action=maybe_recompile pc=0x000002d073196ea0 method=java.io.ObjectOutputStream.writeNonProxyDesc(Ljava/io/ObjectStreamClass;Z)V @ 78 c2
Event: 3794.244 Thread 0x000002d007461800 DEOPT PACKING pc=0x000002d073196ea0 sp=0x000000fd04cf9060
Event: 3794.244 Thread 0x000002d007461800 DEOPT UNPACKING pc=0x000002d06a7d78af sp=0x000000fd04cf8ef8 mode 2

Classes redefined (0 events):
No events

Internal exceptions (20 events):
Event: 3721.302 Thread 0x000002d003c83000 Exception <a 'java/lang/NoSuchMethodError'{0x000000008fe61520}: <clinit>> (0x000000008fe61520) thrown at [./src/hotspot/share/prims/jni.cpp, line 1362]
Event: 3721.302 Thread 0x000002d003c83000 Exception <a 'java/lang/NoSuchMethodError'{0x000000008fe62c08}: <clinit>> (0x000000008fe62c08) thrown at [./src/hotspot/share/prims/jni.cpp, line 1362]
Event: 3721.304 Thread 0x000002d003c83000 Exception <a 'java/lang/NoSuchMethodError'{0x000000008fe75470}: <clinit>> (0x000000008fe75470) thrown at [./src/hotspot/share/prims/jni.cpp, line 1362]
Event: 3721.306 Thread 0x000002d003c83000 Exception <a 'java/lang/NoSuchMethodError'{0x000000008fe81880}: <clinit>> (0x000000008fe81880) thrown at [./src/hotspot/share/prims/jni.cpp, line 1362]
Event: 3793.503 Thread 0x000002d0068ee800 Exception <a 'sun/nio/fs/WindowsException'{0x000000008eab24b0}> (0x000000008eab24b0) thrown at [./src/hotspot/share/prims/jni.cpp, line 615]
Event: 3793.641 Thread 0x000002d0068ee800 Exception <a 'sun/nio/fs/WindowsException'{0x000000008e3edfc0}> (0x000000008e3edfc0) thrown at [./src/hotspot/share/prims/jni.cpp, line 615]
Event: 3793.649 Thread 0x000002d0068ee800 Exception <a 'sun/nio/fs/WindowsException'{0x000000008e28f9e0}> (0x000000008e28f9e0) thrown at [./src/hotspot/share/prims/jni.cpp, line 615]
Event: 3793.650 Thread 0x000002d0068ee800 Exception <a 'sun/nio/fs/WindowsException'{0x000000008e2909a0}> (0x000000008e2909a0) thrown at [./src/hotspot/share/prims/jni.cpp, line 615]
Event: 3793.650 Thread 0x000002d0068ee800 Exception <a 'sun/nio/fs/WindowsException'{0x000000008e2919b0}> (0x000000008e2919b0) thrown at [./src/hotspot/share/prims/jni.cpp, line 615]
Event: 3793.650 Thread 0x000002d0068ee800 Exception <a 'sun/nio/fs/WindowsException'{0x000000008e2929c0}> (0x000000008e2929c0) thrown at [./src/hotspot/share/prims/jni.cpp, line 615]
Event: 3793.712 Thread 0x000002d0068ee800 Exception <a 'sun/nio/fs/WindowsException'{0x000000008dd4ee08}> (0x000000008dd4ee08) thrown at [./src/hotspot/share/prims/jni.cpp, line 615]
Event: 3794.247 Thread 0x000002d003c83000 Exception <a 'java/lang/InterruptedException'{0x000000008cebeff8}> (0x000000008cebeff8) thrown at [./src/hotspot/share/runtime/objectMonitor.cpp, line 1635]
Event: 3795.918 Thread 0x000002d007461800 Exception <a 'java/lang/reflect/InvocationTargetException'{0x000000008ccab7b0}> (0x000000008ccab7b0) thrown at [./src/hotspot/share/runtime/reflection.cpp, line 1247]
Event: 3795.988 Thread 0x000002d003c88000 Exception <a 'sun/nio/fs/WindowsException'{0x000000008c5484b0}> (0x000000008c5484b0) thrown at [./src/hotspot/share/prims/jni.cpp, line 615]
Event: 4238.379 Thread 0x000002d0068ec000 Exception <a 'sun/nio/fs/WindowsException'{0x000000008a920a60}> (0x000000008a920a60) thrown at [./src/hotspot/share/prims/jni.cpp, line 615]
Event: 4238.472 Thread 0x000002d0068ec000 Exception <a 'sun/nio/fs/WindowsException'{0x000000008a2558e0}> (0x000000008a2558e0) thrown at [./src/hotspot/share/prims/jni.cpp, line 615]
Event: 4238.483 Thread 0x000002d0068ec000 Exception <a 'sun/nio/fs/WindowsException'{0x000000008a2f6d88}> (0x000000008a2f6d88) thrown at [./src/hotspot/share/prims/jni.cpp, line 615]
Event: 4238.483 Thread 0x000002d0068ec000 Exception <a 'sun/nio/fs/WindowsException'{0x000000008a2f7d48}> (0x000000008a2f7d48) thrown at [./src/hotspot/share/prims/jni.cpp, line 615]
Event: 4238.483 Thread 0x000002d0068ec000 Exception <a 'sun/nio/fs/WindowsException'{0x000000008a2f8d58}> (0x000000008a2f8d58) thrown at [./src/hotspot/share/prims/jni.cpp, line 615]
Event: 4238.483 Thread 0x000002d0068ec000 Exception <a 'sun/nio/fs/WindowsException'{0x000000008a2f9d68}> (0x000000008a2f9d68) thrown at [./src/hotspot/share/prims/jni.cpp, line 615]

Events (20 events):
Event: 4237.892 Thread 0x000002d0068ed000 Thread added: 0x000002d0068ed000
Event: 4237.893 Thread 0x000002d0068ef800 Thread added: 0x000002d0068ef800
Event: 4237.894 Executing VM operation: BulkRevokeBias
Event: 4237.896 Executing VM operation: BulkRevokeBias done
Event: 4237.905 Thread 0x000002d0068ea800 Thread added: 0x000002d0068ea800
Event: 4237.906 Executing VM operation: RevokeBias
Event: 4237.907 Executing VM operation: RevokeBias done
Event: 4237.921 Thread 0x000002d0068e9800 Thread added: 0x000002d0068e9800
Event: 4237.927 Thread 0x000002d0068f2000 Thread added: 0x000002d0068f2000
Event: 4237.932 Thread 0x000002d0068f6000 Thread added: 0x000002d0068f6000
Event: 4237.941 Thread 0x000002d0068f7000 Thread added: 0x000002d0068f7000
Event: 4238.013 Thread 0x000002d0068f1000 Thread added: 0x000002d0068f1000
Event: 4238.123 Thread 0x000002d005446800 Thread added: 0x000002d005446800
Event: 4238.123 Thread 0x000002d005445800 Thread added: 0x000002d005445800
Event: 4238.123 Thread 0x000002d005441800 Thread added: 0x000002d005441800
Event: 4238.123 Thread 0x000002d005448000 Thread added: 0x000002d005448000
Event: 4238.123 Executing VM operation: RevokeBias
Event: 4238.125 Executing VM operation: RevokeBias done
Event: 4238.125 Thread 0x000002d005449000 Thread added: 0x000002d005449000
Event: 4238.485 Executing VM operation: G1CollectForAllocation


Dynamic libraries:
0x00007ff7e2df0000 - 0x00007ff7e2dfa000 	C:\Program Files\Android\Android Studio\jre\bin\java.exe
0x00007ffe0cf30000 - 0x00007ffe0d125000 	C:\WINDOWS\SYSTEM32\ntdll.dll
0x00007ffe0b0a0000 - 0x00007ffe0b15d000 	C:\WINDOWS\System32\KERNEL32.DLL
0x00007ffe0aa00000 - 0x00007ffe0acc8000 	C:\WINDOWS\System32\KERNELBASE.dll
0x00007ffe0a670000 - 0x00007ffe0a770000 	C:\WINDOWS\System32\ucrtbase.dll
0x00007ffdf99b0000 - 0x00007ffdf99c7000 	C:\Program Files\Android\Android Studio\jre\bin\VCRUNTIME140.dll
0x00007ffdf40e0000 - 0x00007ffdf40f9000 	C:\Program Files\Android\Android Studio\jre\bin\jli.dll
0x00007ffdef7e0000 - 0x00007ffdefa7a000 	C:\WINDOWS\WinSxS\amd64_microsoft.windows.common-controls_6595b64144ccf1df_6.0.19041.844_none_ca00b6081b84eb1d\COMCTL32.dll
0x00007ffe0b1c0000 - 0x00007ffe0b25e000 	C:\WINDOWS\System32\msvcrt.dll
0x00007ffe0c6c0000 - 0x00007ffe0c860000 	C:\WINDOWS\System32\USER32.dll
0x00007ffe0baf0000 - 0x00007ffe0bb1a000 	C:\WINDOWS\System32\GDI32.dll
0x00007ffe0acd0000 - 0x00007ffe0acf2000 	C:\WINDOWS\System32\win32u.dll
0x00007ffe0a8f0000 - 0x00007ffe0a9fb000 	C:\WINDOWS\System32\gdi32full.dll
0x00007ffe0a7c0000 - 0x00007ffe0a85d000 	C:\WINDOWS\System32\msvcp_win.dll
0x00007ffe0b070000 - 0x00007ffe0b0a0000 	C:\WINDOWS\System32\IMM32.DLL
0x00007ffde3ed0000 - 0x00007ffde3f6d000 	C:\Program Files\Android\Android Studio\jre\bin\msvcp140.dll
0x00007ffde6c10000 - 0x00007ffde76df000 	C:\Program Files\Android\Android Studio\jre\bin\server\jvm.dll
0x00007ffe0b520000 - 0x00007ffe0b5cc000 	C:\WINDOWS\System32\ADVAPI32.dll
0x00007ffe0b5d0000 - 0x00007ffe0b66b000 	C:\WINDOWS\System32\sechost.dll
0x00007ffe0bcd0000 - 0x00007ffe0bdfb000 	C:\WINDOWS\System32\RPCRT4.dll
0x00007ffe0c930000 - 0x00007ffe0c938000 	C:\WINDOWS\System32\PSAPI.DLL
0x00007ffdff060000 - 0x00007ffdff087000 	C:\WINDOWS\SYSTEM32\WINMM.dll
0x00007ffe05ea0000 - 0x00007ffe05ea9000 	C:\WINDOWS\SYSTEM32\WSOCK32.dll
0x00007ffe0ba80000 - 0x00007ffe0baeb000 	C:\WINDOWS\System32\WS2_32.dll
0x00007ffe02fa0000 - 0x00007ffe02faa000 	C:\WINDOWS\SYSTEM32\VERSION.dll
0x00007ffe08f70000 - 0x00007ffe08f82000 	C:\WINDOWS\SYSTEM32\kernel.appcore.dll
0x00007ffdf9a10000 - 0x00007ffdf9a21000 	C:\Program Files\Android\Android Studio\jre\bin\verify.dll
0x00007ffe08580000 - 0x00007ffe08764000 	C:\WINDOWS\SYSTEM32\DBGHELP.DLL
0x00007ffdf0ae0000 - 0x00007ffdf0b0c000 	C:\WINDOWS\SYSTEM32\dbgcore.DLL
0x00007ffe0af10000 - 0x00007ffe0af90000 	C:\WINDOWS\System32\bcryptPrimitives.dll
0x00007ffdf99e0000 - 0x00007ffdf9a09000 	C:\Program Files\Android\Android Studio\jre\bin\java.dll
0x00007ffdff5d0000 - 0x00007ffdff5db000 	C:\Program Files\Android\Android Studio\jre\bin\jimage.dll
0x00007ffdf3fe0000 - 0x00007ffdf3ff8000 	C:\Program Files\Android\Android Studio\jre\bin\zip.dll
0x00007ffe0bf70000 - 0x00007ffe0c6b2000 	C:\WINDOWS\System32\SHELL32.dll
0x00007ffe08770000 - 0x00007ffe08f01000 	C:\WINDOWS\SYSTEM32\windows.storage.dll
0x00007ffe0b720000 - 0x00007ffe0ba75000 	C:\WINDOWS\System32\combase.dll
0x00007ffe0a010000 - 0x00007ffe0a03c000 	C:\WINDOWS\SYSTEM32\Wldp.dll
0x00007ffe0b670000 - 0x00007ffe0b71e000 	C:\WINDOWS\System32\SHCORE.dll
0x00007ffe0c940000 - 0x00007ffe0c995000 	C:\WINDOWS\System32\shlwapi.dll
0x00007ffe0a5b0000 - 0x00007ffe0a5cf000 	C:\WINDOWS\SYSTEM32\profapi.dll
0x00007ffdf1ae0000 - 0x00007ffdf1afa000 	C:\Program Files\Android\Android Studio\jre\bin\net.dll
0x00007ffdfb360000 - 0x00007ffdfb46b000 	C:\WINDOWS\SYSTEM32\WINHTTP.dll
0x00007ffe09d80000 - 0x00007ffe09dea000 	C:\WINDOWS\system32\mswsock.dll
0x00007ffdf19a0000 - 0x00007ffdf19b4000 	C:\Program Files\Android\Android Studio\jre\bin\nio.dll
0x00007ffdef3e0000 - 0x00007ffdef407000 	C:\Users\oleg\.gradle\native\8bec1ad78214c89d9ad589b4d07fe93259594b29d510b10fafb7a158f7737e5d\windows-amd64\native-platform.dll
0x00007ffddc240000 - 0x00007ffddc37d000 	C:\Users\oleg\.gradle\native\53dbd7edfb1c66fb8903c78663c9afc45aea4f116125fa6feffd364cf09443e8\windows-amd64\native-platform-file-events.dll
0x00007ffdf99d0000 - 0x00007ffdf99da000 	C:\Program Files\Android\Android Studio\jre\bin\management.dll
0x00007ffdf99a0000 - 0x00007ffdf99ac000 	C:\Program Files\Android\Android Studio\jre\bin\management_ext.dll
0x00007ffe09f50000 - 0x00007ffe09f68000 	C:\WINDOWS\SYSTEM32\CRYPTSP.dll
0x00007ffe09720000 - 0x00007ffe09754000 	C:\WINDOWS\system32\rsaenh.dll
0x00007ffe0a8c0000 - 0x00007ffe0a8e7000 	C:\WINDOWS\System32\bcrypt.dll
0x00007ffe0a570000 - 0x00007ffe0a59e000 	C:\WINDOWS\SYSTEM32\USERENV.dll
0x00007ffe09f70000 - 0x00007ffe09f7c000 	C:\WINDOWS\SYSTEM32\CRYPTBASE.dll
0x00007ffe09a70000 - 0x00007ffe09aab000 	C:\WINDOWS\SYSTEM32\IPHLPAPI.DLL
0x00007ffe0bf60000 - 0x00007ffe0bf68000 	C:\WINDOWS\System32\NSI.dll
0x00007ffe084a0000 - 0x00007ffe084b7000 	C:\WINDOWS\SYSTEM32\dhcpcsvc6.DLL
0x00007ffe08480000 - 0x00007ffe0849d000 	C:\WINDOWS\SYSTEM32\dhcpcsvc.DLL
0x00007ffe09ab0000 - 0x00007ffe09b7c000 	C:\WINDOWS\SYSTEM32\DNSAPI.dll
0x00007ffdee620000 - 0x00007ffdee63e000 	C:\Users\oleg\AppData\Local\Temp\native-platform5179735756800041550dir\native-platform.dll
0x00007ffe05010000 - 0x00007ffe05018000 	C:\Program Files\Android\Android Studio\jre\bin\rmi.dll

dbghelp: loaded successfully - version: 4.0.5 - missing functions: none
symbol engine: initialized successfully - sym options: 0x614 - pdb path: .;C:\Program Files\Android\Android Studio\jre\bin;C:\WINDOWS\SYSTEM32;C:\WINDOWS\WinSxS\amd64_microsoft.windows.common-controls_6595b64144ccf1df_6.0.19041.844_none_ca00b6081b84eb1d;C:\Program Files\Android\Android Studio\jre\bin\server;C:\Users\oleg\.gradle\native\8bec1ad78214c89d9ad589b4d07fe93259594b29d510b10fafb7a158f7737e5d\windows-amd64;C:\Users\oleg\.gradle\native\53dbd7edfb1c66fb8903c78663c9afc45aea4f116125fa6feffd364cf09443e8\windows-amd64;C:\Users\oleg\AppData\Local\Temp\native-platform5179735756800041550dir

VM Arguments:
jvm_args: --add-opens=java.base/java.util=ALL-UNNAMED --add-opens=java.base/java.lang=ALL-UNNAMED --add-opens=java.base/java.lang.invoke=ALL-UNNAMED --add-opens=java.base/java.util=ALL-UNNAMED --add-opens=java.prefs/java.util.prefs=ALL-UNNAMED --add-opens=java.prefs/java.util.prefs=ALL-UNNAMED --add-opens=java.base/java.nio.charset=ALL-UNNAMED --add-opens=java.base/java.net=ALL-UNNAMED --add-opens=java.base/java.util.concurrent.atomic=ALL-UNNAMED -Xmx2048m -Dfile.encoding=UTF-8 -Duser.country=RU -Duser.language=ru -Duser.variant 
java_command: org.gradle.launcher.daemon.bootstrap.GradleDaemon 7.0.2
java_class_path (initial): C:\Users\oleg\.gradle\wrapper\dists\gradle-7.0.2-bin\857tjihv64xamwrf0h14cai3r\gradle-7.0.2\lib\gradle-launcher-7.0.2.jar
Launcher Type: SUN_STANDARD

[Global flags]
     intx CICompilerCount                          = 3                                         {product} {ergonomic}
     uint ConcGCThreads                            = 1                                         {product} {ergonomic}
     uint G1ConcRefinementThreads                  = 4                                         {product} {ergonomic}
   size_t G1HeapRegionSize                         = 1048576                                   {product} {ergonomic}
    uintx GCDrainStackTargetSize                   = 64                                        {product} {ergonomic}
   size_t InitialHeapSize                          = 234881024                                 {product} {ergonomic}
   size_t MarkStackSize                            = 4194304                                   {product} {ergonomic}
   size_t MaxHeapSize                              = 2147483648                                {product} {command line}
   size_t MaxNewSize                               = 1287651328                                {product} {ergonomic}
   size_t MinHeapDeltaBytes                        = 1048576                                   {product} {ergonomic}
    uintx NonNMethodCodeHeapSize                   = 5830732                                {pd product} {ergonomic}
    uintx NonProfiledCodeHeapSize                  = 122913754                              {pd product} {ergonomic}
    uintx ProfiledCodeHeapSize                     = 122913754                              {pd product} {ergonomic}
    uintx ReservedCodeCacheSize                    = 251658240                              {pd product} {ergonomic}
     bool SegmentedCodeCache                       = true                                      {product} {ergonomic}
     bool UseCompressedClassPointers               = true                                 {lp64_product} {ergonomic}
     bool UseCompressedOops                        = true                                 {lp64_product} {ergonomic}
     bool UseG1GC                                  = true                                      {product} {ergonomic}
     bool UseLargePagesIndividualAllocation        = false                                  {pd product} {ergonomic}

Logging:
Log output configuration:
 #0: stdout all=warning uptime,level,tags
 #1: stderr all=off uptime,level,tags

Environment Variables:
PATH=C:\WINDOWS\system32;C:\WINDOWS;C:\WINDOWS\System32\Wbem;C:\WINDOWS\System32\WindowsPowerShell\v1.0\;C:\WINDOWS\System32\OpenSSH\;C:\Program Files\Git\cmd;C:\Users\oleg\AppData\Local\Microsoft\WindowsApps;C:\Users\oleg\AppData\Local\GitHubDesktop\bin;
USERNAME=oleg
OS=Windows_NT
PROCESSOR_IDENTIFIER=AMD64 Family 23 Model 24 Stepping 1, AuthenticAMD



---------------  S Y S T E M  ---------------

OS: Windows 10 , 64 bit Build 19041 (10.0.19041.928)
OS uptime: 2 days 13:07 hours

CPU:total 4 (initial active 4) (4 cores per cpu, 2 threads per core) family 23 model 24 stepping 1 microcode 0x0, cmov, cx8, fxsr, mmx, sse, sse2, sse3, ssse3, sse4.1, sse4.2, popcnt, avx, avx2, aes, clmul, mmxext, 3dnowpref, lzcnt, sse4a, ht, tsc, tscinvbit, tscinv, bmi1, bmi2, adx, s

Memory: 4k page, system-wide physical 14250M (2768M free)
TotalPageFile size 14250M (AvailPageFile size 145M)
current process WorkingSet (physical memory assigned to process): 437M, peak: 613M
current process commit charge ("private bytes"): 652M, peak: 663M

vm_info: OpenJDK 64-Bit Server VM (11.0.10+0-b96-7249189) for windows-amd64 JRE (11.0.10+0-b96-7249189), built on Mar 31 2021 21:44:00 by "builder" with MS VC++ 14.0 (VS2015)

END.
